Log file open, 10/16/18 21:24:20
LogWindows: Failed to load 'aqProf.dll' (GetLastError=126)
LogWindows: File 'aqProf.dll' does not exist
LogWindows: Failed to load 'VtuneApi.dll' (GetLastError=126)
LogWindows: File 'VtuneApi.dll' does not exist
LogWindows: Failed to load 'VtuneApi32e.dll' (GetLastError=126)
LogWindows: File 'VtuneApi32e.dll' does not exist
LogInit: Display: Running engine for game: BattleTank
LogPlatformFile: Not using cached read wrapper
LogTaskGraph: Started task graph with 5 named threads and 23 total threads with 3 sets of task threads.
LogStats: Stats thread started at 0.281126
LogD3D11RHI: Loaded GFSDK_Aftermath_Lib.x64.dll
LogICUInternationalization: Display: ICU TimeZone Detection - Raw Offset: +1:00, Platform Override: ''
LogPluginManager: Mounting plugin Paper2D
LogPluginManager: Mounting plugin AISupport
LogPluginManager: Mounting plugin LightPropagationVolume
LogPluginManager: Mounting plugin CLionSourceCodeAccess
LogPluginManager: Mounting plugin CodeLiteSourceCodeAccess
LogPluginManager: Mounting plugin GitSourceControl
LogPluginManager: Mounting plugin KDevelopSourceCodeAccess
LogPluginManager: Mounting plugin NullSourceCodeAccess
LogPluginManager: Mounting plugin PerforceSourceControl
LogPluginManager: Mounting plugin SubversionSourceControl
LogPluginManager: Mounting plugin UObjectPlugin
LogPluginManager: Mounting plugin VisualStudioCodeSourceCodeAccess
LogPluginManager: Mounting plugin VisualStudioSourceCodeAccess
LogPluginManager: Mounting plugin XCodeSourceCodeAccess
LogPluginManager: Mounting plugin AssetManagerEditor
LogPluginManager: Mounting plugin CryptoKeys
LogPluginManager: Mounting plugin DataValidation
LogPluginManager: Mounting plugin FacialAnimation
LogPluginManager: Mounting plugin GameplayTagsEditor
LogPluginManager: Mounting plugin MacGraphicsSwitching
LogPluginManager: Mounting plugin MeshEditor
LogPluginManager: Mounting plugin MobileLauncherProfileWizard
LogPluginManager: Mounting plugin PluginBrowser
LogPluginManager: Mounting plugin SpeedTreeImporter
LogPluginManager: Mounting plugin DatasmithContent
LogPluginManager: Mounting plugin AlembicImporter
LogPluginManager: Mounting plugin AppleImageUtils
LogPluginManager: Mounting plugin AppleVision
LogPluginManager: Mounting plugin BackChannel
LogPluginManager: Mounting plugin CharacterAI
LogPluginManager: Mounting plugin GeometryCache
LogPluginManager: Mounting plugin HTML5Networking
LogPluginManager: Mounting plugin ProxyLODPlugin
LogPluginManager: Mounting plugin MagicLeap
LogPluginManager: Mounting plugin MagicLeapEmulator
LogPluginManager: Mounting plugin MagicLeapMedia
LogPluginManager: Mounting plugin AndroidMedia
LogPluginManager: Mounting plugin AvfMedia
LogPluginManager: Mounting plugin ImgMedia
LogPluginManager: Mounting plugin LinearTimecode
LogPluginManager: Mounting plugin MediaCompositing
LogPluginManager: Mounting plugin MediaPlayerEditor
LogPluginManager: Mounting plugin WmfMedia
LogPluginManager: Mounting plugin TcpMessaging
LogPluginManager: Mounting plugin UdpMessaging
LogPluginManager: Mounting plugin ActorSequence
LogPluginManager: Mounting plugin LevelSequenceEditor
LogPluginManager: Mounting plugin MatineeToLevelSequence
LogPluginManager: Mounting plugin NetcodeUnitTest
LogPluginManager: Mounting plugin NUTUnrealEngine4
LogPluginManager: Mounting plugin OnlineSubsystemGooglePlay
LogPluginManager: Mounting plugin OnlineSubsystemIOS
LogPluginManager: Mounting plugin OnlineSubsystem
LogPluginManager: Mounting plugin OnlineSubsystemNull
LogPluginManager: Mounting plugin OnlineSubsystemUtils
LogPluginManager: Mounting plugin LauncherChunkInstaller
LogPluginManager: Mounting plugin AndroidDeviceProfileSelector
LogPluginManager: Mounting plugin AndroidMoviePlayer
LogPluginManager: Mounting plugin AndroidPermission
LogPluginManager: Mounting plugin AppleMoviePlayer
LogPluginManager: Mounting plugin ArchVisCharacter
LogPluginManager: Mounting plugin AudioCapture
LogPluginManager: Mounting plugin CableComponent
LogPluginManager: Mounting plugin CustomMeshComponent
LogPluginManager: Mounting plugin EditableMesh
LogPluginManager: Mounting plugin ExampleDeviceProfileSelector
LogPluginManager: Mounting plugin GoogleCloudMessaging
LogPluginManager: Mounting plugin ImmediatePhysics
LogPluginManager: Mounting plugin IOSDeviceProfileSelector
LogPluginManager: Mounting plugin LinuxDeviceProfileSelector
LogPluginManager: Mounting plugin LocationServicesBPLibrary
LogPluginManager: Mounting plugin MobilePatchingUtils
LogPluginManager: Mounting plugin OculusVR
LogPluginManager: Plugin shader directory ../../../Engine/Plugins/Runtime/Oculus/OculusVR/Shaders found
LogPluginManager: Mapping shader source directory ../../../Engine/Plugins/Runtime/Oculus/OculusVR/Shaders to virtual directory /Plugin/OculusVR
LogPluginManager: Mounting plugin PhysXVehicles
LogPluginManager: Mounting plugin ProceduralMeshComponent
LogPluginManager: Mounting plugin RuntimePhysXCooking
LogPluginManager: Mounting plugin SteamVR
LogPluginManager: Mounting plugin WindowsMoviePlayer
LogStreaming: Display: Took  0.124s to configure plugins.
LogInit: Using libcurl 7.55.1-DEV
LogInit:  - built for x86_64-pc-win32
LogInit:  - supports SSL with OpenSSL/1.0.2h
LogInit:  - supports HTTP deflate (compression) using libz 1.2.8
LogInit:  - other features:
LogInit:      CURL_VERSION_SSL
LogInit:      CURL_VERSION_LIBZ
LogInit:      CURL_VERSION_IPV6
LogInit:      CURL_VERSION_ASYNCHDNS
LogInit:      CURL_VERSION_LARGEFILE
LogInit:      CURL_VERSION_IDN
LogInit:  CurlRequestOptions (configurable via config and command line):
LogInit:  - bVerifyPeer = false  - Libcurl will NOT verify peer certificate
LogInit:  - bUseHttpProxy = false  - Libcurl will NOT use HTTP proxy
LogInit:  - bDontReuseConnections = false  - Libcurl will reuse connections
LogInit:  - CertBundlePath = nullptr  - Libcurl will use whatever was configured at build time.
LogInit:  - MaxHostConnections = 16  - Libcurl will limit the number of connections to a host
LogInit:  - LocalHostAddr = Default
LogInit:  - BufferSize = 65536
LogInit: WinSock: version 1.1 (2.2), MaxSocks=32767, MaxUdp=65467
LogInit: Build: ++UE4+Release-4.20-CL-4369336
LogInit: Engine Version: 4.20.3-4369336+++UE4+Release-4.20
LogInit: Compatible Engine Version: 4.20.0-4212847+++UE4+Release-4.20
LogInit: Net CL: 4212847
LogInit: OS: Windows 10 (), CPU: Intel(R) Core(TM) i7-4790K CPU @ 4.00GHz, GPU: NVIDIA GeForce GTX 1070
LogInit: Compiled (64-bit): Sep 17 2018 12:26:19
LogInit: Compiled with Visual C++: 19.13.26129.00
LogInit: Build Configuration: Development
LogInit: Branch Name: ++UE4+Release-4.20
LogInit: Command Line:  
LogInit: Base Directory: G:/jatekok/Epic Games/UE_4.20/Engine/Binaries/Win64/
LogInit: Installed Engine Build: 1
LogDevObjectVersion: Number of dev versions registered: 20
LogDevObjectVersion:   Dev-Blueprints (B0D832E4-1F89-4F0D-ACCF-7EB736FD4AA2): 10
LogDevObjectVersion:   Dev-Build (E1C64328-A22C-4D53-A36C-8E866417BD8C): 0
LogDevObjectVersion:   Dev-Core (375EC13C-06E4-48FB-B500-84F0262A717E): 2
LogDevObjectVersion:   Dev-Editor (E4B068ED-F494-42E9-A231-DA0B2E46BB41): 24
LogDevObjectVersion:   Dev-Framework (CFFC743F-43B0-4480-9391-14DF171D2073): 34
LogDevObjectVersion:   Dev-Mobile (B02B49B5-BB20-44E9-A304-32B752E40360): 2
LogDevObjectVersion:   Dev-Networking (A4E4105C-59A1-49B5-A7C5-40C4547EDFEE): 0
LogDevObjectVersion:   Dev-Online (39C831C9-5AE6-47DC-9A44-9C173E1C8E7C): 0
LogDevObjectVersion:   Dev-Physics (78F01B33-EBEA-4F98-B9B4-84EACCB95AA2): 0
LogDevObjectVersion:   Dev-Platform (6631380F-2D4D-43E0-8009-CF276956A95A): 0
LogDevObjectVersion:   Dev-Rendering (12F88B9F-8875-4AFC-A67C-D90C383ABD29): 26
LogDevObjectVersion:   Dev-Sequencer (7B5AE74C-D270-4C10-A958-57980B212A5A): 9
LogDevObjectVersion:   Dev-VR (D7296918-1DD6-4BDD-9DE2-64A83CC13884): 2
LogDevObjectVersion:   Dev-LoadTimes (C2A15278-BFE7-4AFE-6C17-90FF531DF755): 1
LogDevObjectVersion:   Private-Geometry (6EACA3D4-40EC-4CC1-B786-8BED09428FC5): 3
LogDevObjectVersion:   Dev-AnimPhys (29E575DD-E0A3-4627-9D10-D276232CDCEA): 17
LogDevObjectVersion:   Dev-ReflectionCapture (6B266CEC-1EC7-4B8F-A30B-E4D90942FC07): 1
LogDevObjectVersion:   Dev-Automation (0DF73D61-A23F-47EA-B727-89E90C41499A): 1
LogDevObjectVersion:   FortniteMain (601D1886-AC64-4F84-AA16-D3DE0DEAC7D6): 12
LogDevObjectVersion:   Dev-Enterprise (9DFFBCD6-494F-0158-E221-12823C92A888): 1
LogStreaming: Display: Took  0.000s to delete old logs.
LogInit: Presizing for max 8388607 objects, including 0 objects not considered by GC, pre-allocating 0 bytes for permanent pool.
LogInit: Object subsystem initialized
[2018.10.16-19.24.20:597][  0]LogInit: Selected Device Profile: [Windows]
[2018.10.16-19.24.20:597][  0]LogInit: Applying CVar settings loaded from the selected device profile: [Windows]
[2018.10.16-19.24.20:611][  0]LogHAL: Display: Platform has ~ 16 GB [17034010624 / 17179869184 / 16], which maps to Larger [LargestMinGB=32, LargerMinGB=12, DefaultMinGB=8, SmallerMinGB=6, SmallestMinGB=0)
[2018.10.16-19.24.20:611][  0]LogInit: Setting Device Profile CVar: [[r.Vulkan.UseRealUBs:1]]
[2018.10.16-19.24.20:612][  0]LogInit: Going up to parent DeviceProfile []
[2018.10.16-19.24.20:612][  0]LogInit: Computer: DESKTOP-7565T4D
[2018.10.16-19.24.20:612][  0]LogInit: User: Hegemon
[2018.10.16-19.24.20:612][  0]LogInit: CPU Page size=4096, Cores=4
[2018.10.16-19.24.20:612][  0]LogInit: High frequency timer resolution =3.906256 MHz
[2018.10.16-19.24.20:612][  0]LogMemory: Memory total: Physical=15.9GB (16GB approx)
[2018.10.16-19.24.20:612][  0]LogMemory: Platform Memory Stats for Windows
[2018.10.16-19.24.20:612][  0]LogMemory: Process Physical Memory: 99.82 MB used, 99.82 MB peak
[2018.10.16-19.24.20:612][  0]LogMemory: Process Virtual Memory: 91.11 MB used, 91.11 MB peak
[2018.10.16-19.24.20:612][  0]LogMemory: Physical Memory: 9178.53 MB used,  7066.37 MB free, 16244.90 MB total
[2018.10.16-19.24.20:612][  0]LogMemory: Virtual Memory: 4640.40 MB used,  7066.37 MB free, 134217728.00 MB total
[2018.10.16-19.24.20:631][  0]LogInit: Using OS detected language (en-US).
[2018.10.16-19.24.20:631][  0]LogInit: Using OS detected locale (hu-HU).
[2018.10.16-19.24.20:632][  0]LogTextLocalizationManager: No specific localization for 'en-US' exists, so the 'en' localization will be used.
[2018.10.16-19.24.21:036][  0]LogStreaming: Display: Took  0.405s to InitEngineTextLocalization.
[2018.10.16-19.24.21:036][  0]LogInit: Setting process to per monitor DPI aware
[2018.10.16-19.24.21:075][  0]LogSlate: New Slate User Created.  User Index 0, Is Virtual User: 0
[2018.10.16-19.24.21:075][  0]LogSlate: Slate User Registered.  User Index 0, Is Virtual User: 0
[2018.10.16-19.24.21:263][  0]LogHMD: Failed to initialize OpenVR with code 110
[2018.10.16-19.24.21:263][  0]LogD3D11RHI: D3D11 adapters:
[2018.10.16-19.24.21:326][  0]LogD3D11RHI:    0. 'NVIDIA GeForce GTX 1070' (Feature Level 11_0)
[2018.10.16-19.24.21:326][  0]LogD3D11RHI:       8088/0/8122 MB DedicatedVideo/DedicatedSystem/SharedSystem, Outputs:2, VendorId:0x10de
[2018.10.16-19.24.21:332][  0]LogD3D11RHI:    1. 'Intel(R) HD Graphics 4600' (Feature Level 11_0)
[2018.10.16-19.24.21:332][  0]LogD3D11RHI:       112/0/2048 MB DedicatedVideo/DedicatedSystem/SharedSystem, Outputs:0, VendorId:0x8086
[2018.10.16-19.24.21:334][  0]LogD3D11RHI:    2. 'Microsoft Basic Render Driver' (Feature Level 11_0)
[2018.10.16-19.24.21:334][  0]LogD3D11RHI:       0/0/8122 MB DedicatedVideo/DedicatedSystem/SharedSystem, Outputs:0, VendorId:0x1414
[2018.10.16-19.24.21:334][  0]LogD3D11RHI: Chosen D3D11 Adapter: 0
[2018.10.16-19.24.21:341][  0]LogD3D11RHI: Creating new Direct3DDevice
[2018.10.16-19.24.21:342][  0]LogD3D11RHI:     GPU DeviceId: 0x1b81 (for the marketing name, search the web for "GPU Device Id")
[2018.10.16-19.24.21:342][  0]LogWindows: EnumDisplayDevices:
[2018.10.16-19.24.21:342][  0]LogWindows:    0. 'NVIDIA GeForce GTX 1070' (P:1 D:1)
[2018.10.16-19.24.21:342][  0]LogWindows:    1. 'NVIDIA GeForce GTX 1070' (P:0 D:1)
[2018.10.16-19.24.21:342][  0]LogWindows:    2. 'NVIDIA GeForce GTX 1070' (P:0 D:0)
[2018.10.16-19.24.21:342][  0]LogWindows:    3. 'NVIDIA GeForce GTX 1070' (P:0 D:0)
[2018.10.16-19.24.21:343][  0]LogWindows:    4. 'Intel(R) HD Graphics 4600' (P:0 D:0)
[2018.10.16-19.24.21:343][  0]LogWindows:    5. 'Intel(R) HD Graphics 4600' (P:0 D:0)
[2018.10.16-19.24.21:343][  0]LogWindows:    6. 'Intel(R) HD Graphics 4600' (P:0 D:0)
[2018.10.16-19.24.21:343][  0]LogWindows: DebugString: PrimaryIsNotTheChoosenAdapter PrimaryIsNotTheChoosenAdapter PrimaryIsNotTheChoosenAdapter FoundDriverCount:4 
[2018.10.16-19.24.21:343][  0]LogD3D11RHI:     Adapter Name: NVIDIA GeForce GTX 1070
[2018.10.16-19.24.21:343][  0]LogD3D11RHI:   Driver Version: 397.93 (internal:24.21.13.9793, unified:397.93)
[2018.10.16-19.24.21:343][  0]LogD3D11RHI:      Driver Date: 5-22-2018
[2018.10.16-19.24.21:343][  0]LogRHI: Texture pool is 5661 MB (70% of 8088 MB)
[2018.10.16-19.24.21:388][  0]LogD3D11RHI: Async texture creation enabled
[2018.10.16-19.24.21:406][  0]LogD3D11RHI: GPU Timing Frequency: 1000.000000 (Debug: 2 2)
[2018.10.16-19.24.21:503][  0]LogShaderCompilers: Guid format shader working directory is 6 characters bigger than the processId version (E:/Unreal/BattleTank/BattleTank/BattleTank/Intermediate/Shaders/WorkingDirectory/6596/).
[2018.10.16-19.24.21:504][  0]LogShaderCompilers: Cleaned the shader compiler working directory 'C:/Users/Hegemon/AppData/Local/Temp/UnrealShaderWorkingDir/238D11EF4E89F11DCE81239116D8A26A/'.
[2018.10.16-19.24.21:813][  0]LogTemp: Display: Loaded TP AllDesktopTargetPlatform
[2018.10.16-19.24.21:827][  0]LogTemp: Display: Loaded TP MacClientTargetPlatform
[2018.10.16-19.24.21:842][  0]LogTemp: Display: Loaded TP MacNoEditorTargetPlatform
[2018.10.16-19.24.21:858][  0]LogTemp: Display: Loaded TP MacServerTargetPlatform
[2018.10.16-19.24.21:874][  0]LogTemp: Display: Loaded TP MacTargetPlatform
[2018.10.16-19.24.21:888][  0]LogTemp: Display: Loaded TP WindowsClientTargetPlatform
[2018.10.16-19.24.21:903][  0]LogTemp: Display: Loaded TP WindowsNoEditorTargetPlatform
[2018.10.16-19.24.21:918][  0]LogTemp: Display: Loaded TP WindowsServerTargetPlatform
[2018.10.16-19.24.21:925][  0]LogTemp: Display: Loaded TP WindowsTargetPlatform
[2018.10.16-19.24.22:017][  0]LogTemp: Display: Loaded TP AndroidTargetPlatform
[2018.10.16-19.24.22:017][  0]LogTemp: Display: Loaded TP AndroidTargetPlatform
[2018.10.16-19.24.22:017][  0]LogTemp: Display: Loaded TP AndroidTargetPlatform
[2018.10.16-19.24.22:017][  0]LogTemp: Display: Loaded TP AndroidTargetPlatform
[2018.10.16-19.24.22:017][  0]LogTemp: Display: Loaded TP AndroidTargetPlatform
[2018.10.16-19.24.22:017][  0]LogTemp: Display: Loaded TP AndroidTargetPlatform
[2018.10.16-19.24.22:017][  0]LogTemp: Display: Loaded TP AndroidTargetPlatform
[2018.10.16-19.24.22:017][  0]LogTemp: Display: Loaded TP AndroidTargetPlatform
[2018.10.16-19.24.22:017][  0]LogTemp: Display: Loaded TP AndroidTargetPlatform
[2018.10.16-19.24.22:017][  0]LogTemp: Display: Loaded TP AndroidTargetPlatform
[2018.10.16-19.24.22:017][  0]LogTemp: Display: Loaded TP AndroidTargetPlatform
[2018.10.16-19.24.22:017][  0]LogTemp: Display: Loaded TP AndroidTargetPlatform
[2018.10.16-19.24.22:017][  0]LogTemp: Display: Loaded TP AndroidTargetPlatform
[2018.10.16-19.24.22:017][  0]LogTemp: Display: Loaded TP AndroidTargetPlatform
[2018.10.16-19.24.22:017][  0]LogTemp: Display: Loaded TP AndroidTargetPlatform
[2018.10.16-19.24.22:017][  0]LogTemp: Display: Loaded TP AndroidTargetPlatform
[2018.10.16-19.24.22:017][  0]LogTemp: Display: Loaded TP AndroidTargetPlatform
[2018.10.16-19.24.22:017][  0]LogTemp: Display: Loaded TP AndroidTargetPlatform
[2018.10.16-19.24.22:018][  0]LogTemp: Display: Loaded TP HTML5TargetPlatform
[2018.10.16-19.24.22:082][  0]LogTemp: Display: Loaded TP IOSTargetPlatform
[2018.10.16-19.24.22:082][  0]LogTemp: Display: Loaded TP IOSTargetPlatform
[2018.10.16-19.24.22:113][  0]LogTemp: Display: Loaded TP TVOSTargetPlatform
[2018.10.16-19.24.22:113][  0]LogTemp: Display: Loaded TP TVOSTargetPlatform
[2018.10.16-19.24.22:127][  0]LogTemp: Display: Loaded TP LinuxClientTargetPlatform
[2018.10.16-19.24.22:138][  0]LogTemp: Display: Loaded TP LinuxNoEditorTargetPlatform
[2018.10.16-19.24.22:152][  0]LogTemp: Display: Loaded TP LinuxServerTargetPlatform
[2018.10.16-19.24.22:166][  0]LogTemp: Display: Loaded TP LinuxTargetPlatform
[2018.10.16-19.24.22:176][  0]LogTemp: Display: Loaded TP LuminTargetPlatform
[2018.10.16-19.24.22:176][  0]LogTargetPlatformManager: Display: Building Assets For Windows
[2018.10.16-19.24.22:219][  0]LogXGEController: Cleaning working directory: C:/Users/Hegemon/AppData/Local/Temp/UnrealXGEWorkingDir/
[2018.10.16-19.24.22:219][  0]LogXGEController: Cannot use XGE Controller as Incredibuild is not installed on this machine.
[2018.10.16-19.24.22:219][  0]LogShaderCompilers: Cannot use XGE Shader Compiler as Incredibuild is not installed on this machine.
[2018.10.16-19.24.22:219][  0]LogShaderCompilers: Display: Using Local Shader Compiler.
[2018.10.16-19.24.23:017][  0]LogDerivedDataCache: Display: Max Cache Size: 512 MB
[2018.10.16-19.24.23:097][  0]LogDerivedDataCache: Loaded boot cache 0.08s 71MB C:/Users/Hegemon/AppData/Local/UnrealEngine/4.20/DerivedDataCache/Boot.ddc.
[2018.10.16-19.24.23:097][  0]LogDerivedDataCache: Display: Loaded Boot cache: C:/Users/Hegemon/AppData/Local/UnrealEngine/4.20/DerivedDataCache/Boot.ddc
[2018.10.16-19.24.23:097][  0]LogDerivedDataCache: FDerivedDataBackendGraph:  Pak pak cache file E:/Unreal/BattleTank/BattleTank/BattleTank/DerivedDataCache/DDC.ddp not found, will not use a pak cache.
[2018.10.16-19.24.23:097][  0]LogDerivedDataCache: Unable to find inner node Pak for hierarchical cache Hierarchy.
[2018.10.16-19.24.23:097][  0]LogDerivedDataCache: FDerivedDataBackendGraph:  CompressedPak pak cache file E:/Unreal/BattleTank/BattleTank/BattleTank/DerivedDataCache/Compressed.ddp not found, will not use a pak cache.
[2018.10.16-19.24.23:097][  0]LogDerivedDataCache: Unable to find inner node CompressedPak for hierarchical cache Hierarchy.
[2018.10.16-19.24.23:109][  0]LogDerivedDataCache: Display: Pak cache opened for reading ../../../Engine/DerivedDataCache/Compressed.ddp.
[2018.10.16-19.24.23:121][  0]LogDerivedDataCache: Using Local data cache path C:/Users/Hegemon/AppData/Local/UnrealEngine/Common/DerivedDataCache: Writable
[2018.10.16-19.24.23:121][  0]LogDerivedDataCache: Shared data cache path not found in *engine.ini, will not use an Shared cache.
[2018.10.16-19.24.23:121][  0]LogDerivedDataCache: Unable to find inner node Shared for hierarchical cache Hierarchy.
[2018.10.16-19.24.23:140][  0]LogMaterial: Verifying Global Shaders for PCD3D_SM5
[2018.10.16-19.24.23:141][  0]LogSlate: Using FreeType 2.6.0
[2018.10.16-19.24.23:142][  0]LogSlate: SlateFontServices - WITH_FREETYPE: 1, WITH_HARFBUZZ: 1
[2018.10.16-19.24.23:212][  0]LogAssetRegistry: FAssetRegistry took 0.0270 seconds to start up
[2018.10.16-19.24.23:575][  0]LogInit: Selected Device Profile: [Windows]
[2018.10.16-19.24.23:722][  0]LogSimplygon: Simplygon DLL not present - disabling.
[2018.10.16-19.24.23:725][  0]LogMeshReduction: Using SimplygonSwarm for distributed automatic mesh merging
[2018.10.16-19.24.23:725][  0]LogMeshReduction: Using ProxyLODMeshReduction for automatic mesh merging
[2018.10.16-19.24.23:725][  0]LogMeshReduction: Using QuadricMeshReduction for automatic static mesh reduction
[2018.10.16-19.24.23:725][  0]LogMeshReduction: No automatic skeletal mesh reduction module available
[2018.10.16-19.24.23:746][  0]LogNetVersion: BattleTank 1.0.0, NetCL: 4212847, EngineNetVer: 5, GameNetVer: 0 (Checksum: 486398009)
[2018.10.16-19.24.24:376][  0]LogPackageLocalizationCache: Processed 11 localized package path(s) for 2 prioritized culture(s) in 0.146973 seconds
[2018.10.16-19.24.24:386][  0]LogUObjectArray: 38425 objects as part of root set at end of initial load.
[2018.10.16-19.24.24:386][  0]LogUObjectAllocator: 6690864 out of 0 bytes used by permanent object pool.
[2018.10.16-19.24.24:387][  0]LogUObjectArray: CloseDisregardForGC: 0/0 objects in disregard for GC pool
[2018.10.16-19.24.25:244][  0]LogTcpMessaging: Initializing TcpMessaging bridge
[2018.10.16-19.24.25:258][  0]LogUdpMessaging: Initializing bridge on interface 0.0.0.0:0 to multicast group 230.0.0.1:6666.
[2018.10.16-19.24.25:398][  0]SourceControl: Source control is disabled
[2018.10.16-19.24.25:398][  0]SourceControl: Source control is disabled
[2018.10.16-19.24.25:399][  0]SourceControl: Source control is disabled
[2018.10.16-19.24.25:400][  0]SourceControl: Source control is disabled
[2018.10.16-19.24.25:569][  0]LogAndroidPermission: UAndroidPermissionCallbackProxy::GetInstance
[2018.10.16-19.24.25:698][  0]LogOcInput: OculusInput pre-init called
[2018.10.16-19.24.25:757][  0]LogEngine: Initializing Engine...
[2018.10.16-19.24.25:757][  0]LogHMD: Failed to initialize OpenVR with code 110
[2018.10.16-19.24.25:759][  0]LogStats: UGameplayTagsManager::ConstructGameplayTagTree: ImportINI prefixes -  0.000 s
[2018.10.16-19.24.25:759][  0]LogStats: UGameplayTagsManager::ConstructGameplayTagTree: Construct from data asset -  0.000 s
[2018.10.16-19.24.25:759][  0]LogStats: UGameplayTagsManager::ConstructGameplayTagTree: ImportINI -  0.000 s
[2018.10.16-19.24.25:759][  0]LogStats: UGameplayTagsManager::ConstructGameplayTagTree: GameplayTagTreeChangedEvent.Broadcast -  0.000 s
[2018.10.16-19.24.26:137][  0]LogInit: Initializing FReadOnlyCVARCache
[2018.10.16-19.24.26:147][  0]LogAIModule: Creating AISystem for world Untitled
[2018.10.16-19.24.26:182][  0]LogInit: XAudio2 using 'Speakers (Sound Blaster Z)' : 6 channels at 48 kHz using 32 bits per sample (channel mask 0x3f)
[2018.10.16-19.24.26:196][  0]LogInit: FAudioDevice initialized.
[2018.10.16-19.24.26:196][  0]LogNetVersion: Set ProjectVersion to 1.0.0.0. Version Checksum will be recalculated on next use.
[2018.10.16-19.24.26:299][  0]LogDerivedDataCache: Saved boot cache 0.10s 71MB C:/Users/Hegemon/AppData/Local/UnrealEngine/4.20/DerivedDataCache/Boot.ddc.
[2018.10.16-19.24.26:314][  0]LogInit: Texture streaming: Enabled
[2018.10.16-19.24.26:334][  0]LogEngineSessionManager: EngineSessionManager initialized
[2018.10.16-19.24.26:334][  0]LogEngineSessionManager: EngineSessionManager sent abnormal shutdown report. Type=AbnormalShutdown, SessionId={78083D41-47C3-2F65-4330-F3B6D37012F9}
[2018.10.16-19.24.26:334][  0]LogEngineSessionManager: EngineSessionManager sent abnormal shutdown report. Type=AbnormalShutdown, SessionId={B4665C58-4074-E8FA-0397-A39D63BEA442}
[2018.10.16-19.24.26:349][  0]LogInit: Transaction tracking system initialized
[2018.10.16-19.24.26:368][  0]BlueprintLog: New page: Editor Load
[2018.10.16-19.24.26:435][  0]LocalizationService: Localization service is disabled
[2018.10.16-19.24.26:696][  0]LogCook: Display: Max memory allowance for cook 16384mb min free memory 0mb
[2018.10.16-19.24.26:696][  0]LogCook: Display: Mobile HDR setting 1
[2018.10.16-19.24.26:696][  0]LogGameplayTags: Display: UGameplayTagsManager::DoneAddingNativeTags. DelegateIsBound: 0
[2018.10.16-19.24.26:696][  0]LogStats: UGameplayTagsManager::ConstructGameplayTagTree: ImportINI prefixes -  0.000 s
[2018.10.16-19.24.26:696][  0]LogStats: UGameplayTagsManager::ConstructGameplayTagTree: Construct from data asset -  0.000 s
[2018.10.16-19.24.26:696][  0]LogStats: UGameplayTagsManager::ConstructGameplayTagTree: ImportINI -  0.000 s
[2018.10.16-19.24.26:696][  0]LogStats: UGameplayTagsManager::ConstructGameplayTagTree: GameplayTagTreeChangedEvent.Broadcast -  0.000 s
[2018.10.16-19.24.26:821][  0]LogFileCache: Scanning file cache for directory 'E:/Unreal/BattleTank/BattleTank/BattleTank/Content/' took 0.02s
[2018.10.16-19.24.26:821][  0]SourceControl: Source control is disabled
[2018.10.16-19.24.26:821][  0]Cmd: MAP LOAD FILE="E:/Unreal/BattleTank/BattleTank/BattleTank/Content/BattleGround.umap" TEMPLATE=0 SHOWPROGRESS=1 FEATURELEVEL=3
[2018.10.16-19.24.26:822][  0]LightingResults: New page: Lighting Build
[2018.10.16-19.24.26:824][  0]MapCheck: New page: Map Check
[2018.10.16-19.24.26:824][  0]LightingResults: New page: Lighting Build
[2018.10.16-19.24.27:128][  0]LogAIModule: Creating AISystem for world BattleGround
[2018.10.16-19.24.27:149][  0]LogEditorServer: Finished looking for orphan Actors (0.000 secs)
[2018.10.16-19.24.27:171][  0]Cmd: MAP CHECKDEP NOCLEARLOG
[2018.10.16-19.24.27:226][  0]MapCheck: Map check complete: 0 Error(s), 0 Warning(s), took 55,116ms to complete.
[2018.10.16-19.24.27:226][  0]LogFileHelpers: Loading map 'BattleGround' took 0.405
[2018.10.16-19.24.27:336][  0]LogCollectionManager: Loaded 0 collections in 0.000905 seconds
[2018.10.16-19.24.27:383][  0]LogFileCache: Scanning file cache for directory 'E:/Unreal/BattleTank/BattleTank/BattleTank/Saved/Collections/' took 0.01s
[2018.10.16-19.24.27:383][  0]LogFileCache: Scanning file cache for directory 'E:/Unreal/BattleTank/BattleTank/BattleTank/Content/Developers/Hegemon/Collections/' took 0.01s
[2018.10.16-19.24.27:383][  0]LogFileCache: Scanning file cache for directory 'E:/Unreal/BattleTank/BattleTank/BattleTank/Content/Collections/' took 0.01s
[2018.10.16-19.24.27:383][  0]LogCollectionManager: Rebuilt the GUID cache for 0 collections in 0.000000 seconds
[2018.10.16-19.24.27:394][  0]LogContentBrowser: Native class hierarchy populated in 0.0104 seconds. Added 2572 classes and 603 folders.
[2018.10.16-19.24.27:399][  0]LogContentBrowser: Native class hierarchy updated for 'WidgetCarousel' in 0.0004 seconds. Added 0 classes and 0 folders.
[2018.10.16-19.24.27:442][  0]LogContentBrowser: Native class hierarchy updated for 'AddContentDialog' in 0.0004 seconds. Added 0 classes and 0 folders.
[2018.10.16-19.24.27:470][  0]LogSlate: Updating window title bar state: overlay mode, drag disabled, window buttons hidden, title bar hidden
[2018.10.16-19.24.27:478][  0]LogSlate: Updating window title bar state: overlay mode, drag disabled, window buttons hidden, title bar hidden
[2018.10.16-19.24.27:486][  0]LogSlate: Updating window title bar state: overlay mode, drag disabled, window buttons hidden, title bar hidden
[2018.10.16-19.24.27:497][  0]LogSlate: Updating window title bar state: overlay mode, drag disabled, window buttons hidden, title bar hidden
[2018.10.16-19.24.27:503][  0]LogContentBrowser: Native class hierarchy updated for 'SceneOutliner' in 0.0004 seconds. Added 1 classes and 2 folders.
[2018.10.16-19.24.27:513][  0]LogSlate: Took 0.000182 seconds to synchronously load lazily loaded font '../../../Engine/Content/Slate/Fonts/Roboto-Regular.ttf' (155K)
[2018.10.16-19.24.27:515][  0]LogSlate: Took 0.000241 seconds to synchronously load lazily loaded font '../../../Engine/Content/Editor/Slate/Fonts/FontAwesome.ttf' (139K)
[2018.10.16-19.24.27:515][  0]LogSlate: Took 0.000188 seconds to synchronously load lazily loaded font '../../../Engine/Content/Slate/Fonts/Roboto-Bold.ttf' (160K)
[2018.10.16-19.24.27:541][  0]LogSlate: Took 0.000172 seconds to synchronously load lazily loaded font '../../../Engine/Content/Slate/Fonts/DroidSansMono.ttf' (77K)
[2018.10.16-19.24.27:575][  0]LogSlate: Took 0.000200 seconds to synchronously load lazily loaded font '../../../Engine/Content/Slate/Fonts/Roboto-Light.ttf' (167K)
[2018.10.16-19.24.27:644][  0]LogRenderer: Reallocating scene render targets to support 1164x904 Format 10 NumSamples 1 (Frame:1).
[2018.10.16-19.24.27:817][  0]LogContentBrowser: Native class hierarchy updated for 'HierarchicalLODOutliner' in 0.0003 seconds. Added 0 classes and 0 folders.
[2018.10.16-19.24.27:817][  0]LogLoad: (Engine Initialization) Total time: 8.70 seconds
[2018.10.16-19.24.27:817][  0]LogLoad: (Engine Initialization) Total Blueprint compile time: 0.00 seconds
[2018.10.16-19.24.27:828][  0]LogWindowsTextInputMethodSystem: Display: IME system now deactivated.
[2018.10.16-19.24.27:851][  0]LogContentStreaming: Texture pool size now 1000 MB
[2018.10.16-19.24.27:885][  1]LogSlate: FSceneViewport::OnFocusLost() reason 0
[2018.10.16-19.24.27:899][  1]LogAssetRegistry: Asset discovery search completed in 4.7093 seconds
[2018.10.16-19.24.27:902][  1]LogCollectionManager: Rebuilt the object cache for 0 collections in 0.000001 seconds (found 0 objects)
[2018.10.16-19.24.27:902][  1]LogCollectionManager: Fixed up redirectors for 0 collections in 0.000237 seconds (updated 0 objects)
[2018.10.16-19.24.34:463][768]LogSlate: Took 0.000206 seconds to synchronously load lazily loaded font '../../../Engine/Content/Slate/Fonts/Roboto-Light.ttf' (167K)
[2018.10.16-19.24.34:472][768]LogAssetEditorManager: Opening Asset editor for Blueprint /Game/Tank/Tank_BP.Tank_BP
[2018.10.16-19.24.34:928][768]LogContentBrowser: Native class hierarchy updated for 'BlueprintGraph' in 0.0006 seconds. Added 116 classes and 0 folders.
[2018.10.16-19.24.35:687][768]LogSlate: Took 0.000185 seconds to synchronously load lazily loaded font '../../../Engine/Content/Slate/Fonts/Roboto-BoldCondensed.ttf' (158K)
[2018.10.16-19.24.38:671][ 75]LogSlate: Took 0.000171 seconds to synchronously load lazily loaded font '../../../Engine/Content/Slate/Fonts/Roboto-Italic.ttf' (157K)
[2018.10.16-19.25.17:429][355]LogSlate: FSceneViewport::OnFocusLost() reason 2
[2018.10.16-19.25.18:714][496]LogSlate: FSceneViewport::OnFocusLost() reason 2
[2018.10.16-19.25.19:908][629]LogSlate: FSceneViewport::OnFocusLost() reason 2
[2018.10.16-19.25.20:947][744]LogSlate: FSceneViewport::OnFocusLost() reason 2
[2018.10.16-19.25.40:064][952]LogSlate: FSceneViewport::OnFocusLost() reason 2
[2018.10.16-19.25.44:416][379]LogSlate: FSceneViewport::OnFocusLost() reason 2
[2018.10.16-19.26.31:697][ 13]LogSlate: FSceneViewport::OnFocusLost() reason 0
[2018.10.16-19.26.31:997][ 13]LogSlate: Window 'Tank_BP*' being destroyed
[2018.10.16-19.26.32:005][ 13]LogSlate: Window 'Tank_BP*' being destroyed
[2018.10.16-19.26.37:091][302]LogSlate: Window 'Delete Assets' being destroyed
[2018.10.16-19.26.40:448][488]LogSlate: Window 'Delete Assets' being destroyed
[2018.10.16-19.26.43:689][722]LogSlate: Window 'Delete Assets' being destroyed
[2018.10.16-19.26.46:050][865]LogSlate: Window 'Delete Assets' being destroyed
[2018.10.16-19.26.48:147][ 77]LogAssetEditorManager: Opening Asset editor for Blueprint /Game/Tank/Tank_BP.Tank_BP
[2018.10.16-19.27.00:295][234]LogSlate: FSceneViewport::OnFocusLost() reason 0
[2018.10.16-19.27.07:311][921]LogRenderer: Reallocating scene render targets to support 1376x904 Format 10 NumSamples 1 (Frame:1653).
[2018.10.16-19.27.07:770][976]LogSlate: Window 'Tank_BP*' being destroyed
[2018.10.16-19.27.15:581][664]LogAssetEditorManager: Opening Asset editor for StaticMesh /Game/Tank/Hull/tank_fbx_Body_hull.tank_fbx_Body_hull
[2018.10.16-19.27.16:520][665]LogRenderer: Reallocating scene render targets to support 1912x924 Format 10 NumSamples 1 (Frame:1).
[2018.10.16-19.27.23:338][318]LogSlate: FSceneViewport::OnFocusLost() reason 0
[2018.10.16-19.27.44:232][623]LogLinker: Warning: Can't find file '/Game/Tank/Turret/tank_green_001'
[2018.10.16-19.27.44:232][623]LogLinker: Warning: Can't find file for asset '/Game/Tank/Turret/tank_green_001' while loading E:/Unreal/BattleTank/BattleTank/BattleTank/Content/Tank/Turret/tank_fbx_Turret_turret_001.uasset.
[2018.10.16-19.27.44:233][623]LoadErrors: Error: /Game/Tank/Turret/tank_fbx_Turret_turret_001 : Can't find file for asset. /Game/Tank/Turret/tank_green_001
[2018.10.16-19.27.44:233][623]LogLinker: Warning: Can't find file '/Game/Tank/Turret/tank_green_001'
[2018.10.16-19.27.44:233][623]LogLinker: Warning: Can't find file for asset '/Game/Tank/Turret/tank_green_001' while loading E:/Unreal/BattleTank/BattleTank/BattleTank/Content/Tank/Turret/tank_fbx_Turret_turret_001.uasset.
[2018.10.16-19.27.44:234][623]LogLinker: Warning: Can't find file '/Game/Tank/Turret/tank_green_001'
[2018.10.16-19.27.44:234][623]LoadErrors: Failed to load /Game/Tank/Turret/tank_green_001.tank_green_001 Referenced by tank_fbx_Turret_turret_001
[2018.10.16-19.27.44:234][623]LogLinker: Warning: Can't find file for asset '/Game/Tank/Turret/tank_green_001' while loading NULL.
[2018.10.16-19.27.44:235][623]LogLinker: Warning: Can't find file '/Game/Tank/Turret/tank_green_001'
[2018.10.16-19.27.44:235][623]LogLinker: Warning: Can't find file for asset '/Game/Tank/Turret/tank_green_001' while loading NULL.
[2018.10.16-19.28.02:239][554]LogSlate: FSceneViewport::OnFocusLost() reason 0
[2018.10.16-19.28.16:656][248]LogSlate: FSceneViewport::OnFocusLost() reason 0
[2018.10.16-19.28.22:323][883]LogSlate: FSceneViewport::OnFocusLost() reason 0
[2018.10.16-19.29.21:557][763]LogSlate: FSceneViewport::OnFocusLost() reason 0
[2018.10.16-19.30.06:834][ 90]LogSlate: FSceneViewport::OnFocusLost() reason 2
[2018.10.16-19.30.10:133][479]LogLinker: Warning: Can't find file '/Game/Tank/Hull/tank_green'
[2018.10.16-19.30.10:133][479]LogLinker: Warning: Can't find file for asset '/Game/Tank/Hull/tank_green' while loading E:/Unreal/BattleTank/BattleTank/BattleTank/Content/Tank/Hull/tank_fbx_Body_track_guard.uasset.
[2018.10.16-19.30.10:133][479]LoadErrors: Error: /Game/Tank/Hull/tank_fbx_Body_track_guard : Can't find file for asset. /Game/Tank/Hull/tank_green
[2018.10.16-19.30.10:134][479]LogLinker: Warning: Can't find file '/Game/Tank/Hull/tank_green'
[2018.10.16-19.30.10:134][479]LogLinker: Warning: Can't find file for asset '/Game/Tank/Hull/tank_green' while loading E:/Unreal/BattleTank/BattleTank/BattleTank/Content/Tank/Hull/tank_fbx_Body_track_guard.uasset.
[2018.10.16-19.30.10:135][479]LogLinker: Warning: Can't find file '/Game/Tank/Hull/tank_green'
[2018.10.16-19.30.10:135][479]LoadErrors: Failed to load /Game/Tank/Hull/tank_green.tank_green Referenced by tank_fbx_Body_track_guard
[2018.10.16-19.30.10:135][479]LogLinker: Warning: Can't find file for asset '/Game/Tank/Hull/tank_green' while loading NULL.
[2018.10.16-19.30.10:136][479]LogLinker: Warning: Can't find file '/Game/Tank/Hull/tank_green'
[2018.10.16-19.30.10:136][479]LogLinker: Warning: Can't find file for asset '/Game/Tank/Hull/tank_green' while loading NULL.
[2018.10.16-19.30.13:918][902]LogSlate: FSceneViewport::OnFocusLost() reason 0
[2018.10.16-19.30.21:367][782]LogSlate: FSceneViewport::OnFocusLost() reason 0
[2018.10.16-19.30.37:962][465]LogSlate: FSceneViewport::OnFocusLost() reason 0
[2018.10.16-19.30.53:920][344]LogSlate: FSceneViewport::OnFocusLost() reason 0
[2018.10.16-19.31.03:604][499]LogLinker: Warning: Can't find file '/Game/Tank/Hull/tank_green'
[2018.10.16-19.31.03:604][499]LogLinker: Warning: Can't find file for asset '/Game/Tank/Hull/tank_green' while loading E:/Unreal/BattleTank/BattleTank/BattleTank/Content/Tank/Hull/tank_fbx_Body_wheel.uasset.
[2018.10.16-19.31.03:605][499]LoadErrors: Error: /Game/Tank/Hull/tank_fbx_Body_wheel : Can't find file for asset. /Game/Tank/Hull/tank_green
[2018.10.16-19.31.03:605][499]LogLinker: Warning: Can't find file '/Game/Tank/Hull/tank_green'
[2018.10.16-19.31.03:605][499]LogLinker: Warning: Can't find file for asset '/Game/Tank/Hull/tank_green' while loading E:/Unreal/BattleTank/BattleTank/BattleTank/Content/Tank/Hull/tank_fbx_Body_wheel.uasset.
[2018.10.16-19.31.03:606][499]LogLinker: Warning: Can't find file '/Game/Tank/Hull/tank_green'
[2018.10.16-19.31.03:607][499]LoadErrors: Failed to load /Game/Tank/Hull/tank_green.tank_green Referenced by tank_fbx_Body_wheel
[2018.10.16-19.31.03:607][499]LogLinker: Warning: Can't find file for asset '/Game/Tank/Hull/tank_green' while loading NULL.
[2018.10.16-19.31.03:607][499]LogLinker: Warning: Can't find file '/Game/Tank/Hull/tank_green'
[2018.10.16-19.31.03:607][499]LogLinker: Warning: Can't find file for asset '/Game/Tank/Hull/tank_green' while loading NULL.
[2018.10.16-19.31.15:182][865]LogSlate: FSceneViewport::OnFocusLost() reason 0
[2018.10.16-19.31.25:010][ 37]LogLinker: Warning: Can't find file '/Game/Tank/Hull/tank_green'
[2018.10.16-19.31.25:010][ 37]LogLinker: Warning: Can't find file for asset '/Game/Tank/Hull/tank_green' while loading E:/Unreal/BattleTank/BattleTank/BattleTank/Content/Tank/Hull/tank_fbx_Body_wheel_front.uasset.
[2018.10.16-19.31.25:011][ 37]LoadErrors: Error: /Game/Tank/Hull/tank_fbx_Body_wheel_front : Can't find file for asset. /Game/Tank/Hull/tank_green
[2018.10.16-19.31.25:011][ 37]LogLinker: Warning: Can't find file '/Game/Tank/Hull/tank_green'
[2018.10.16-19.31.25:011][ 37]LogLinker: Warning: Can't find file for asset '/Game/Tank/Hull/tank_green' while loading E:/Unreal/BattleTank/BattleTank/BattleTank/Content/Tank/Hull/tank_fbx_Body_wheel_front.uasset.
[2018.10.16-19.31.25:012][ 37]LogLinker: Warning: Can't find file '/Game/Tank/Hull/tank_green'
[2018.10.16-19.31.25:012][ 37]LoadErrors: Failed to load /Game/Tank/Hull/tank_green.tank_green Referenced by tank_fbx_Body_wheel_front
[2018.10.16-19.31.25:012][ 37]LogLinker: Warning: Can't find file for asset '/Game/Tank/Hull/tank_green' while loading NULL.
[2018.10.16-19.31.25:013][ 37]LogLinker: Warning: Can't find file '/Game/Tank/Hull/tank_green'
[2018.10.16-19.31.25:013][ 37]LogLinker: Warning: Can't find file for asset '/Game/Tank/Hull/tank_green' while loading NULL.
[2018.10.16-19.31.27:272][296]LogSlate: FSceneViewport::OnFocusLost() reason 0
[2018.10.16-19.31.37:163][472]LogLinker: Warning: Can't find file '/Game/Tank/Hull/tank_green'
[2018.10.16-19.31.37:163][472]LogLinker: Warning: Can't find file for asset '/Game/Tank/Hull/tank_green' while loading E:/Unreal/BattleTank/BattleTank/BattleTank/Content/Tank/Hull/tank_fbx_Body_wheel_rear.uasset.
[2018.10.16-19.31.37:163][472]LoadErrors: Error: /Game/Tank/Hull/tank_fbx_Body_wheel_rear : Can't find file for asset. /Game/Tank/Hull/tank_green
[2018.10.16-19.31.37:164][472]LogLinker: Warning: Can't find file '/Game/Tank/Hull/tank_green'
[2018.10.16-19.31.37:164][472]LogLinker: Warning: Can't find file for asset '/Game/Tank/Hull/tank_green' while loading E:/Unreal/BattleTank/BattleTank/BattleTank/Content/Tank/Hull/tank_fbx_Body_wheel_rear.uasset.
[2018.10.16-19.31.37:165][472]LogLinker: Warning: Can't find file '/Game/Tank/Hull/tank_green'
[2018.10.16-19.31.37:165][472]LoadErrors: Failed to load /Game/Tank/Hull/tank_green.tank_green Referenced by tank_fbx_Body_wheel_rear
[2018.10.16-19.31.37:165][472]LogLinker: Warning: Can't find file for asset '/Game/Tank/Hull/tank_green' while loading NULL.
[2018.10.16-19.31.37:165][472]LogLinker: Warning: Can't find file '/Game/Tank/Hull/tank_green'
[2018.10.16-19.31.37:166][472]LogLinker: Warning: Can't find file for asset '/Game/Tank/Hull/tank_green' while loading NULL.
[2018.10.16-19.31.39:119][679]LogSlate: FSceneViewport::OnFocusLost() reason 0
[2018.10.16-19.32.14:022][835]LogLinker: Warning: Can't find file '/Game/Tank/Hull/tank_green'
[2018.10.16-19.32.14:022][835]LogLinker: Warning: Can't find file for asset '/Game/Tank/Hull/tank_green' while loading E:/Unreal/BattleTank/BattleTank/BattleTank/Content/Tank/Hull/tank_fbx_Body_Hull_V.uasset.
[2018.10.16-19.32.14:023][835]LoadErrors: Error: /Game/Tank/Hull/tank_fbx_Body_Hull_V : Can't find file for asset. /Game/Tank/Hull/tank_green
[2018.10.16-19.32.14:023][835]LogLinker: Warning: Can't find file '/Game/Tank/Hull/tank_green'
[2018.10.16-19.32.14:023][835]LogLinker: Warning: Can't find file for asset '/Game/Tank/Hull/tank_green' while loading E:/Unreal/BattleTank/BattleTank/BattleTank/Content/Tank/Hull/tank_fbx_Body_Hull_V.uasset.
[2018.10.16-19.32.14:024][835]LogLinker: Warning: Can't find file '/Game/Tank/Hull/tank_green'
[2018.10.16-19.32.14:024][835]LoadErrors: Failed to load /Game/Tank/Hull/tank_green.tank_green Referenced by tank_fbx_Body_Hull_V
[2018.10.16-19.32.14:024][835]LogLinker: Warning: Can't find file for asset '/Game/Tank/Hull/tank_green' while loading NULL.
[2018.10.16-19.32.14:025][835]LogLinker: Warning: Can't find file '/Game/Tank/Hull/tank_green'
[2018.10.16-19.32.14:025][835]LogLinker: Warning: Can't find file for asset '/Game/Tank/Hull/tank_green' while loading NULL.
[2018.10.16-19.32.37:172][592]LogLinker: Warning: Can't find file '/Game/Tank/Hull/tank_green'
[2018.10.16-19.32.37:172][592]LogLinker: Warning: Can't find file for asset '/Game/Tank/Hull/tank_green' while loading E:/Unreal/BattleTank/BattleTank/BattleTank/Content/Tank/Hull/tank_fbx_Body_headlight.uasset.
[2018.10.16-19.32.37:172][592]LoadErrors: Error: /Game/Tank/Hull/tank_fbx_Body_headlight : Can't find file for asset. /Game/Tank/Hull/tank_green
[2018.10.16-19.32.37:173][592]LogLinker: Warning: Can't find file '/Game/Tank/Hull/tank_green'
[2018.10.16-19.32.37:173][592]LogLinker: Warning: Can't find file for asset '/Game/Tank/Hull/tank_green' while loading E:/Unreal/BattleTank/BattleTank/BattleTank/Content/Tank/Hull/tank_fbx_Body_headlight.uasset.
[2018.10.16-19.32.37:174][592]LogLinker: Warning: Can't find file '/Game/Tank/Hull/tank_green'
[2018.10.16-19.32.37:174][592]LoadErrors: Failed to load /Game/Tank/Hull/tank_green.tank_green Referenced by tank_fbx_Body_headlight
[2018.10.16-19.32.37:174][592]LogLinker: Warning: Can't find file for asset '/Game/Tank/Hull/tank_green' while loading NULL.
[2018.10.16-19.32.37:174][592]LogLinker: Warning: Can't find file '/Game/Tank/Hull/tank_green'
[2018.10.16-19.32.37:175][592]LogLinker: Warning: Can't find file for asset '/Game/Tank/Hull/tank_green' while loading NULL.
[2018.10.16-19.32.41:225][ 67]LogSlate: FSceneViewport::OnFocusLost() reason 0
[2018.10.16-19.32.53:912][581]LogLinker: Warning: Can't find file '/Game/Tank/Hull/tank_green'
[2018.10.16-19.32.53:912][581]LogLinker: Warning: Can't find file for asset '/Game/Tank/Hull/tank_green' while loading E:/Unreal/BattleTank/BattleTank/BattleTank/Content/Tank/Hull/tank_fbx_Body_headlight_002.uasset.
[2018.10.16-19.32.53:913][581]LoadErrors: Error: /Game/Tank/Hull/tank_fbx_Body_headlight_002 : Can't find file for asset. /Game/Tank/Hull/tank_green
[2018.10.16-19.32.53:913][581]LogLinker: Warning: Can't find file '/Game/Tank/Hull/tank_green'
[2018.10.16-19.32.53:913][581]LogLinker: Warning: Can't find file for asset '/Game/Tank/Hull/tank_green' while loading E:/Unreal/BattleTank/BattleTank/BattleTank/Content/Tank/Hull/tank_fbx_Body_headlight_002.uasset.
[2018.10.16-19.32.53:914][581]LogLinker: Warning: Can't find file '/Game/Tank/Hull/tank_green'
[2018.10.16-19.32.53:914][581]LoadErrors: Failed to load /Game/Tank/Hull/tank_green.tank_green Referenced by tank_fbx_Body_headlight_002
[2018.10.16-19.32.53:914][581]LogLinker: Warning: Can't find file for asset '/Game/Tank/Hull/tank_green' while loading NULL.
[2018.10.16-19.32.53:914][581]LogLinker: Warning: Can't find file '/Game/Tank/Hull/tank_green'
[2018.10.16-19.32.53:915][581]LogLinker: Warning: Can't find file for asset '/Game/Tank/Hull/tank_green' while loading NULL.
[2018.10.16-19.32.56:363][864]LogSlate: FSceneViewport::OnFocusLost() reason 0
[2018.10.16-19.33.06:939][ 93]LogSlate: FSceneViewport::OnFocusLost() reason 0
[2018.10.16-19.33.14:448][987]LogLinker: Warning: Can't find file '/Game/Tank/Hull/tank_green'
[2018.10.16-19.33.14:448][987]LogLinker: Warning: Can't find file for asset '/Game/Tank/Hull/tank_green' while loading E:/Unreal/BattleTank/BattleTank/BattleTank/Content/Tank/Hull/tank_fbx_Body_oil_drum.uasset.
[2018.10.16-19.33.14:449][987]LoadErrors: Error: /Game/Tank/Hull/tank_fbx_Body_oil_drum : Can't find file for asset. /Game/Tank/Hull/tank_green
[2018.10.16-19.33.14:449][987]LogLinker: Warning: Can't find file '/Game/Tank/Hull/tank_green'
[2018.10.16-19.33.14:449][987]LogLinker: Warning: Can't find file for asset '/Game/Tank/Hull/tank_green' while loading E:/Unreal/BattleTank/BattleTank/BattleTank/Content/Tank/Hull/tank_fbx_Body_oil_drum.uasset.
[2018.10.16-19.33.14:450][987]LogLinker: Warning: Can't find file '/Game/Tank/Hull/tank_green'
[2018.10.16-19.33.14:450][987]LoadErrors: Failed to load /Game/Tank/Hull/tank_green.tank_green Referenced by tank_fbx_Body_oil_drum
[2018.10.16-19.33.14:450][987]LogLinker: Warning: Can't find file for asset '/Game/Tank/Hull/tank_green' while loading NULL.
[2018.10.16-19.33.14:451][987]LogLinker: Warning: Can't find file '/Game/Tank/Hull/tank_green'
[2018.10.16-19.33.14:451][987]LogLinker: Warning: Can't find file for asset '/Game/Tank/Hull/tank_green' while loading NULL.
[2018.10.16-19.33.17:555][307]LogEditorTransaction: Undo Translate Socket
[2018.10.16-19.33.25:931][217]LogSlate: FSceneViewport::OnFocusLost() reason 2
[2018.10.16-19.33.25:950][217]Cmd: OBJ SAVEPACKAGE PACKAGE="/Game/Tank/Hull/tank_fbx_Body_hull" FILE="E:/Unreal/BattleTank/BattleTank/BattleTank/Content/Tank/Hull/tank_fbx_Body_hull.uasset" SILENT=true
[2018.10.16-19.33.25:971][217]LogSavePackage: Moving 'E:/Unreal/BattleTank/BattleTank/BattleTank/Saved/tank_fbx_Body_hull38FF19D946E67E1CD4BA929710107CCD.tmp' to 'E:/Unreal/BattleTank/BattleTank/BattleTank/Content/Tank/Hull/tank_fbx_Body_hull.uasset'
[2018.10.16-19.33.39:740][866]LogSlate: FSceneViewport::OnFocusLost() reason 0
[2018.10.16-19.33.45:151][490]LogSlate: FSceneViewport::OnFocusLost() reason 2
[2018.10.16-19.34.36:623][773]LogSlate: FSceneViewport::OnFocusLost() reason 0
[2018.10.16-19.35.32:770][620]LogSlate: FSceneViewport::OnFocusLost() reason 2
[2018.10.16-19.35.32:820][620]LogFileHelpers: Editor autosave (incl. sublevels) for '/Game/BattleGround' took 0.021
[2018.10.16-19.35.32:823][620]OBJ SavePackage: Generating thumbnails for [1] asset(s) in package [/Game/Tank/Tank_BP] ([1] browsable assets)...
[2018.10.16-19.35.32:835][620]OBJ SavePackage:     Rendered thumbnail for [Blueprint /Game/Tank/Tank_BP.Tank_BP]
[2018.10.16-19.35.32:835][620]OBJ SavePackage: Finished generating thumbnails for package [/Game/Tank/Tank_BP]
[2018.10.16-19.35.32:835][620]Cmd: OBJ SAVEPACKAGE PACKAGE="/Game/Tank/Tank_BP" FILE="E:/Unreal/BattleTank/BattleTank/BattleTank/Saved/Autosaves/Game/Tank/Tank_BP_Auto1.uasset" SILENT=false AUTOSAVING=true
[2018.10.16-19.35.32:869][620]LogSavePackage: Moving 'E:/Unreal/BattleTank/BattleTank/BattleTank/Saved/Tank_BP_Auto15A0A0AC048FB58EE3058F18BAE9DEB1E.tmp' to 'E:/Unreal/BattleTank/BattleTank/BattleTank/Saved/Autosaves/Game/Tank/Tank_BP_Auto1.uasset'
[2018.10.16-19.35.32:871][620]LogFileHelpers: Auto-saving content packages took 0.048
[2018.10.16-19.36.50:001][652]LogEditorTransaction: Undo Paste Component(s)
[2018.10.16-19.37.03:843][243]LogUObjectHash: Warning: Ambiguous search, could be StaticMeshComponent /Engine/Transient.Tank_Wheel_Front_GEN_VARIABLE or StaticMeshComponent /Engine/Transient.Tank_Wheel_Front_GEN_VARIABLE
[2018.10.16-19.37.52:717][989]LogSlate: FSceneViewport::OnFocusLost() reason 0
[2018.10.16-19.38.25:576][651]LogSlate: FSceneViewport::OnFocusLost() reason 2
[2018.10.16-19.38.25:593][651]Cmd: OBJ SAVEPACKAGE PACKAGE="/Game/Tank/Tank_BP" FILE="E:/Unreal/BattleTank/BattleTank/BattleTank/Content/Tank/Tank_BP.uasset" SILENT=true
[2018.10.16-19.38.25:619][651]LogSavePackage: Moving 'E:/Unreal/BattleTank/BattleTank/BattleTank/Saved/Tank_BPC2834FD44424044D3231DE8B73969C71.tmp' to 'E:/Unreal/BattleTank/BattleTank/BattleTank/Content/Tank/Tank_BP.uasset'
[2018.10.16-19.39.21:771][427]LogSlate: FSceneViewport::OnFocusLost() reason 2
[2018.10.16-19.39.21:775][427]Cmd: OBJ SAVEPACKAGE PACKAGE="/Game/Tank/Tank_BP" FILE="E:/Unreal/BattleTank/BattleTank/BattleTank/Content/Tank/Tank_BP.uasset" SILENT=true
[2018.10.16-19.39.21:794][427]LogSavePackage: Moving 'E:/Unreal/BattleTank/BattleTank/BattleTank/Saved/Tank_BPDF075E014F7B5EE7FB0F9888B557861F.tmp' to 'E:/Unreal/BattleTank/BattleTank/BattleTank/Content/Tank/Tank_BP.uasset'
[2018.10.16-19.39.24:527][745]LogSlate: FSceneViewport::OnFocusLost() reason 0
[2018.10.16-19.39.43:629][ 15]LogAssetEditorManager: Opening Asset editor for StaticMesh /Game/Tank/Turret/tank_fbx_Turret_turret_001.tank_fbx_Turret_turret_001
[2018.10.16-19.39.51:877][961]LogSlate: FSceneViewport::OnFocusLost() reason 0
[2018.10.16-19.40.09:524][ 64]LogLinker: Warning: Can't find file '/Game/Tank/Turret/tank_green_001'
[2018.10.16-19.40.09:525][ 64]LogLinker: Warning: Can't find file for asset '/Game/Tank/Turret/tank_green_001' while loading E:/Unreal/BattleTank/BattleTank/BattleTank/Content/Tank/Turret/tank_fbx_Turret_Commanders_hatch_001.uasset.
[2018.10.16-19.40.09:525][ 64]LoadErrors: Error: /Game/Tank/Turret/tank_fbx_Turret_Commanders_hatch_001 : Can't find file for asset. /Game/Tank/Turret/tank_green_001
[2018.10.16-19.40.09:525][ 64]LogLinker: Warning: Can't find file '/Game/Tank/Turret/tank_green_001'
[2018.10.16-19.40.09:525][ 64]LogLinker: Warning: Can't find file for asset '/Game/Tank/Turret/tank_green_001' while loading E:/Unreal/BattleTank/BattleTank/BattleTank/Content/Tank/Turret/tank_fbx_Turret_Commanders_hatch_001.uasset.
[2018.10.16-19.40.09:526][ 64]LogLinker: Warning: Can't find file '/Game/Tank/Turret/tank_green_001'
[2018.10.16-19.40.09:526][ 64]LoadErrors: Failed to load /Game/Tank/Turret/tank_green_001.tank_green_001 Referenced by tank_fbx_Turret_Commanders_hatch_001
[2018.10.16-19.40.09:526][ 64]LogLinker: Warning: Can't find file for asset '/Game/Tank/Turret/tank_green_001' while loading NULL.
[2018.10.16-19.40.09:527][ 64]LogLinker: Warning: Can't find file '/Game/Tank/Turret/tank_green_001'
[2018.10.16-19.40.09:527][ 64]LogLinker: Warning: Can't find file for asset '/Game/Tank/Turret/tank_green_001' while loading NULL.
[2018.10.16-19.40.19:218][219]LogLinker: Warning: Can't find file '/Game/Tank/Turret/tank_green_001'
[2018.10.16-19.40.19:218][219]LogLinker: Warning: Can't find file for asset '/Game/Tank/Turret/tank_green_001' while loading E:/Unreal/BattleTank/BattleTank/BattleTank/Content/Tank/Turret/tank_fbx_Turret_gunner_sight_001.uasset.
[2018.10.16-19.40.19:219][219]LoadErrors: Error: /Game/Tank/Turret/tank_fbx_Turret_gunner_sight_001 : Can't find file for asset. /Game/Tank/Turret/tank_green_001
[2018.10.16-19.40.19:219][219]LogLinker: Warning: Can't find file '/Game/Tank/Turret/tank_green_001'
[2018.10.16-19.40.19:219][219]LogLinker: Warning: Can't find file for asset '/Game/Tank/Turret/tank_green_001' while loading E:/Unreal/BattleTank/BattleTank/BattleTank/Content/Tank/Turret/tank_fbx_Turret_gunner_sight_001.uasset.
[2018.10.16-19.40.19:220][219]LogLinker: Warning: Can't find file '/Game/Tank/Turret/tank_green_001'
[2018.10.16-19.40.19:220][219]LoadErrors: Failed to load /Game/Tank/Turret/tank_green_001.tank_green_001 Referenced by tank_fbx_Turret_gunner_sight_001
[2018.10.16-19.40.19:220][219]LogLinker: Warning: Can't find file for asset '/Game/Tank/Turret/tank_green_001' while loading NULL.
[2018.10.16-19.40.19:221][219]LogLinker: Warning: Can't find file '/Game/Tank/Turret/tank_green_001'
[2018.10.16-19.40.19:221][219]LogLinker: Warning: Can't find file for asset '/Game/Tank/Turret/tank_green_001' while loading NULL.
[2018.10.16-19.40.39:195][600]LogLinker: Warning: Can't find file '/Game/Tank/Turret/tank_green_001'
[2018.10.16-19.40.39:196][600]LogLinker: Warning: Can't find file for asset '/Game/Tank/Turret/tank_green_001' while loading E:/Unreal/BattleTank/BattleTank/BattleTank/Content/Tank/Turret/tank_fbx_Turret_headlight_004.uasset.
[2018.10.16-19.40.39:196][600]LoadErrors: Error: /Game/Tank/Turret/tank_fbx_Turret_headlight_004 : Can't find file for asset. /Game/Tank/Turret/tank_green_001
[2018.10.16-19.40.39:196][600]LogLinker: Warning: Can't find file '/Game/Tank/Turret/tank_green_001'
[2018.10.16-19.40.39:196][600]LogLinker: Warning: Can't find file for asset '/Game/Tank/Turret/tank_green_001' while loading E:/Unreal/BattleTank/BattleTank/BattleTank/Content/Tank/Turret/tank_fbx_Turret_headlight_004.uasset.
[2018.10.16-19.40.39:197][600]LogLinker: Warning: Can't find file '/Game/Tank/Turret/tank_green_001'
[2018.10.16-19.40.39:197][600]LoadErrors: Failed to load /Game/Tank/Turret/tank_green_001.tank_green_001 Referenced by tank_fbx_Turret_headlight_004
[2018.10.16-19.40.39:198][600]LogLinker: Warning: Can't find file for asset '/Game/Tank/Turret/tank_green_001' while loading NULL.
[2018.10.16-19.40.39:198][600]LogLinker: Warning: Can't find file '/Game/Tank/Turret/tank_green_001'
[2018.10.16-19.40.39:198][600]LogLinker: Warning: Can't find file for asset '/Game/Tank/Turret/tank_green_001' while loading NULL.
[2018.10.16-19.40.40:885][789]LogSlate: FSceneViewport::OnFocusLost() reason 0
[2018.10.16-19.40.48:594][706]LogLinker: Warning: Can't find file '/Game/Tank/Turret/tank_green_001'
[2018.10.16-19.40.48:594][706]LogLinker: Warning: Can't find file for asset '/Game/Tank/Turret/tank_green_001' while loading E:/Unreal/BattleTank/BattleTank/BattleTank/Content/Tank/Turret/tank_fbx_Turret_headlight_005.uasset.
[2018.10.16-19.40.48:594][706]LoadErrors: Error: /Game/Tank/Turret/tank_fbx_Turret_headlight_005 : Can't find file for asset. /Game/Tank/Turret/tank_green_001
[2018.10.16-19.40.48:594][706]LogLinker: Warning: Can't find file '/Game/Tank/Turret/tank_green_001'
[2018.10.16-19.40.48:594][706]LogLinker: Warning: Can't find file for asset '/Game/Tank/Turret/tank_green_001' while loading E:/Unreal/BattleTank/BattleTank/BattleTank/Content/Tank/Turret/tank_fbx_Turret_headlight_005.uasset.
[2018.10.16-19.40.48:595][706]LogLinker: Warning: Can't find file '/Game/Tank/Turret/tank_green_001'
[2018.10.16-19.40.48:595][706]LoadErrors: Failed to load /Game/Tank/Turret/tank_green_001.tank_green_001 Referenced by tank_fbx_Turret_headlight_005
[2018.10.16-19.40.48:596][706]LogLinker: Warning: Can't find file for asset '/Game/Tank/Turret/tank_green_001' while loading NULL.
[2018.10.16-19.40.48:596][706]LogLinker: Warning: Can't find file '/Game/Tank/Turret/tank_green_001'
[2018.10.16-19.40.48:596][706]LogLinker: Warning: Can't find file for asset '/Game/Tank/Turret/tank_green_001' while loading NULL.
[2018.10.16-19.40.59:206][970]LogLinker: Warning: Can't find file '/Game/Tank/Barrel/tank_green_002'
[2018.10.16-19.40.59:206][970]LogLinker: Warning: Can't find file for asset '/Game/Tank/Barrel/tank_green_002' while loading E:/Unreal/BattleTank/BattleTank/BattleTank/Content/Tank/Barrel/tank_fbx_Barrel.uasset.
[2018.10.16-19.40.59:207][970]LoadErrors: Error: /Game/Tank/Barrel/tank_fbx_Barrel : Can't find file for asset. /Game/Tank/Barrel/tank_green_002
[2018.10.16-19.40.59:207][970]LogLinker: Warning: Can't find file '/Game/Tank/Barrel/tank_green_002'
[2018.10.16-19.40.59:207][970]LogLinker: Warning: Can't find file for asset '/Game/Tank/Barrel/tank_green_002' while loading E:/Unreal/BattleTank/BattleTank/BattleTank/Content/Tank/Barrel/tank_fbx_Barrel.uasset.
[2018.10.16-19.40.59:208][970]LogLinker: Warning: Can't find file '/Game/Tank/Barrel/tank_green_002'
[2018.10.16-19.40.59:208][970]LoadErrors: Failed to load /Game/Tank/Barrel/tank_green_002.tank_green_002 Referenced by tank_fbx_Barrel
[2018.10.16-19.40.59:208][970]LogLinker: Warning: Can't find file for asset '/Game/Tank/Barrel/tank_green_002' while loading NULL.
[2018.10.16-19.40.59:209][970]LogLinker: Warning: Can't find file '/Game/Tank/Barrel/tank_green_002'
[2018.10.16-19.40.59:209][970]LogLinker: Warning: Can't find file for asset '/Game/Tank/Barrel/tank_green_002' while loading NULL.
[2018.10.16-19.41.11:400][373]LogSlate: FSceneViewport::OnFocusLost() reason 2
[2018.10.16-19.41.11:415][373]Cmd: OBJ SAVEPACKAGE PACKAGE="/Game/Tank/Turret/tank_fbx_Turret_turret_001" FILE="E:/Unreal/BattleTank/BattleTank/BattleTank/Content/Tank/Turret/tank_fbx_Turret_turret_001.uasset" SILENT=true
[2018.10.16-19.41.11:437][373]LogSavePackage: Moving 'E:/Unreal/BattleTank/BattleTank/BattleTank/Saved/tank_fbx_Turret_turret_001D9737EFE449F8708AF25CFB1883B6D04.tmp' to 'E:/Unreal/BattleTank/BattleTank/BattleTank/Content/Tank/Turret/tank_fbx_Turret_turret_001.uasset'
[2018.10.16-19.41.13:938][657]LogSlate: FSceneViewport::OnFocusLost() reason 0
[2018.10.16-19.41.38:267][501]LogAssetEditorManager: Opening Asset editor for StaticMesh /Game/Tank/Turret/tank_fbx_Turret_turret_001.tank_fbx_Turret_turret_001
[2018.10.16-19.41.42:093][904]LogSlate: FSceneViewport::OnFocusLost() reason 0
[2018.10.16-19.42.36:095][507]LogSlate: FSceneViewport::OnFocusLost() reason 2
[2018.10.16-19.42.36:100][507]Cmd: OBJ SAVEPACKAGE PACKAGE="/Game/Tank/Turret/tank_fbx_Turret_turret_001" FILE="E:/Unreal/BattleTank/BattleTank/BattleTank/Content/Tank/Turret/tank_fbx_Turret_turret_001.uasset" SILENT=true
[2018.10.16-19.42.36:121][507]LogSavePackage: Moving 'E:/Unreal/BattleTank/BattleTank/BattleTank/Saved/tank_fbx_Turret_turret_0013E588ACB449DA1C129997F85F9DBBF73.tmp' to 'E:/Unreal/BattleTank/BattleTank/BattleTank/Content/Tank/Turret/tank_fbx_Turret_turret_001.uasset'
[2018.10.16-19.42.51:670][291]LogSlate: FSceneViewport::OnFocusLost() reason 0
[2018.10.16-19.43.06:609][386]LogSlate: FSceneViewport::OnFocusLost() reason 0
[2018.10.16-19.44.28:646][539]LogSlate: FSceneViewport::OnFocusLost() reason 2
[2018.10.16-19.44.28:660][539]Cmd: OBJ SAVEPACKAGE PACKAGE="/Game/Tank/Tank_BP" FILE="E:/Unreal/BattleTank/BattleTank/BattleTank/Content/Tank/Tank_BP.uasset" SILENT=true
[2018.10.16-19.44.28:705][539]LogSavePackage: Moving 'E:/Unreal/BattleTank/BattleTank/BattleTank/Saved/Tank_BP9733307747612368BCB23BA6526F40C2.tmp' to 'E:/Unreal/BattleTank/BattleTank/BattleTank/Content/Tank/Tank_BP.uasset'
[2018.10.16-19.46.19:757][870]LogSlate: FSceneViewport::OnFocusLost() reason 0
[2018.10.16-19.46.47:967][146]LogAssetEditorManager: Opening Asset editor for StaticMesh /Game/Tank/Hull/tank_fbx_Body_hull.tank_fbx_Body_hull
[2018.10.16-19.46.51:280][508]LogSlate: FSceneViewport::OnFocusLost() reason 0
[2018.10.16-19.47.02:717][871]LogLinker: Warning: Can't find file '/Game/Tank/Tracks/track_001'
[2018.10.16-19.47.02:718][871]LogLinker: Warning: Can't find file for asset '/Game/Tank/Tracks/track_001' while loading E:/Unreal/BattleTank/BattleTank/BattleTank/Content/Tank/Tracks/tank_fbx_Track_track_001.uasset.
[2018.10.16-19.47.02:718][871]LoadErrors: Error: /Game/Tank/Tracks/tank_fbx_Track_track_001 : Can't find file for asset. /Game/Tank/Tracks/track_001
[2018.10.16-19.47.02:718][871]LogLinker: Warning: Can't find file '/Game/Tank/Tracks/track_001'
[2018.10.16-19.47.02:718][871]LogLinker: Warning: Can't find file for asset '/Game/Tank/Tracks/track_001' while loading E:/Unreal/BattleTank/BattleTank/BattleTank/Content/Tank/Tracks/tank_fbx_Track_track_001.uasset.
[2018.10.16-19.47.02:720][871]LogLinker: Warning: Can't find file '/Game/Tank/Tracks/track_001'
[2018.10.16-19.47.02:720][871]LoadErrors: Failed to load /Game/Tank/Tracks/track_001.track_001 Referenced by tank_fbx_Track_track_001
[2018.10.16-19.47.02:720][871]LogLinker: Warning: Can't find file for asset '/Game/Tank/Tracks/track_001' while loading NULL.
[2018.10.16-19.47.02:720][871]LogLinker: Warning: Can't find file '/Game/Tank/Tracks/track_001'
[2018.10.16-19.47.02:721][871]LogLinker: Warning: Can't find file for asset '/Game/Tank/Tracks/track_001' while loading NULL.
[2018.10.16-19.47.22:785][164]LogSlate: FSceneViewport::OnFocusLost() reason 0
[2018.10.16-19.47.53:434][511]LogSlate: FSceneViewport::OnFocusLost() reason 2
[2018.10.16-19.47.53:450][511]Cmd: OBJ SAVEPACKAGE PACKAGE="/Game/Tank/Hull/tank_fbx_Body_hull" FILE="E:/Unreal/BattleTank/BattleTank/BattleTank/Content/Tank/Hull/tank_fbx_Body_hull.uasset" SILENT=true
[2018.10.16-19.47.53:477][511]LogSavePackage: Moving 'E:/Unreal/BattleTank/BattleTank/BattleTank/Saved/tank_fbx_Body_hull568B8AFF454626568A12F18002582D70.tmp' to 'E:/Unreal/BattleTank/BattleTank/BattleTank/Content/Tank/Hull/tank_fbx_Body_hull.uasset'
[2018.10.16-19.47.55:128][704]LogSlate: FSceneViewport::OnFocusLost() reason 0
[2018.10.16-19.48.36:050][578]LogSlate: FSceneViewport::OnFocusLost() reason 2
[2018.10.16-19.48.36:065][578]Cmd: OBJ SAVEPACKAGE PACKAGE="/Game/Tank/Hull/tank_fbx_Body_hull" FILE="E:/Unreal/BattleTank/BattleTank/BattleTank/Content/Tank/Hull/tank_fbx_Body_hull.uasset" SILENT=true
[2018.10.16-19.48.36:086][578]LogSavePackage: Moving 'E:/Unreal/BattleTank/BattleTank/BattleTank/Saved/tank_fbx_Body_hull4A8F3F2C4696748FBB827BB4C089B13E.tmp' to 'E:/Unreal/BattleTank/BattleTank/BattleTank/Content/Tank/Hull/tank_fbx_Body_hull.uasset'
[2018.10.16-19.49.20:795][651]LogSlate: FSceneViewport::OnFocusLost() reason 0
[2018.10.16-19.49.23:487][968]LogAssetEditorManager: Opening Asset editor for StaticMesh /Game/Tank/Hull/tank_fbx_Body_hull.tank_fbx_Body_hull
[2018.10.16-19.49.30:043][715]LogSlate: FSceneViewport::OnFocusLost() reason 0
[2018.10.16-19.49.45:384][549]LogSlate: FSceneViewport::OnFocusLost() reason 2
[2018.10.16-19.49.45:390][549]Cmd: OBJ SAVEPACKAGE PACKAGE="/Game/Tank/Hull/tank_fbx_Body_hull" FILE="E:/Unreal/BattleTank/BattleTank/BattleTank/Content/Tank/Hull/tank_fbx_Body_hull.uasset" SILENT=true
[2018.10.16-19.49.45:400][549]LogSavePackage: Moving 'E:/Unreal/BattleTank/BattleTank/BattleTank/Saved/tank_fbx_Body_hull39F48C2D4FAC4872047F579EEEB07BD7.tmp' to 'E:/Unreal/BattleTank/BattleTank/BattleTank/Content/Tank/Hull/tank_fbx_Body_hull.uasset'
[2018.10.16-19.49.52:848][384]LogSlate: FSceneViewport::OnFocusLost() reason 0
[2018.10.16-19.50.22:371][678]LogSlate: FSceneViewport::OnFocusLost() reason 0
[2018.10.16-19.50.22:692][678]Cmd: OBJ SAVEPACKAGE PACKAGE="/Game/Tank/Tank_BP" FILE="E:/Unreal/BattleTank/BattleTank/BattleTank/Content/Tank/Tank_BP.uasset" SILENT=true
[2018.10.16-19.50.22:730][678]LogSavePackage: Moving 'E:/Unreal/BattleTank/BattleTank/BattleTank/Saved/Tank_BP13654DFA450A281FBDD6D1BC3C1F4BBD.tmp' to 'E:/Unreal/BattleTank/BattleTank/BattleTank/Content/Tank/Tank_BP.uasset'
[2018.10.16-19.50.23:362][749]BlueprintLog: New page: Compile Tank_BP
[2018.10.16-19.51.07:369][608]LogSlate: FSceneViewport::OnFocusLost() reason 0
[2018.10.16-19.51.43:827][957]Cmd: OBJ SAVEPACKAGE PACKAGE="/Game/BattleGround" FILE="E:/Unreal/BattleTank/BattleTank/BattleTank/Content/BattleGround.umap" SILENT=true AUTOSAVING=false KEEPDIRTY=false
[2018.10.16-19.51.43:991][957]LogSavePackage: Moving 'E:/Unreal/BattleTank/BattleTank/BattleTank/Saved/BattleGround5CA56659423EAEC09F8140B8E1CA0EE7.tmp' to 'E:/Unreal/BattleTank/BattleTank/BattleTank/Content/BattleGround.umap'
[2018.10.16-19.51.44:021][957]LogFileHelpers: Saving map 'BattleGround' took 0.250
[2018.10.16-19.51.45:171][ 70]LogSlate: Window 'BattleTank - Unreal Editor' being destroyed
[2018.10.16-19.51.45:364][ 71]Cmd: QUIT_EDITOR
[2018.10.16-19.51.45:391][ 71]LogWindowsTextInputMethodSystem: Display: IME system now deactivated.
[2018.10.16-19.51.45:415][ 71]LogExit: Preparing to exit.
[2018.10.16-19.51.46:154][ 71]LogExit: Editor shut down
[2018.10.16-19.51.46:154][ 71]LogExit: Transaction tracking system shut down
[2018.10.16-19.51.46:819][ 71]LogExit: Object subsystem successfully closed.
[2018.10.16-19.51.46:841][ 71]LogShaderCompilers: Display: Shaders left to compile 0
[2018.10.16-19.51.46:844][ 71]LogD3D11RHI: Shutdown
[2018.10.16-19.51.46:844][ 71]LogD3D11RHI: CleanupD3DDevice
[2018.10.16-19.51.46:846][ 71]LogD3D11RHI: ~FD3D11DynamicRHI
[2018.10.16-19.51.46:855][ 71]LogModuleManager: Shutting down and abandoning module StaticMeshEditor (616)
[2018.10.16-19.51.46:855][ 71]LogModuleManager: Shutting down and abandoning module HierarchicalLODUtilities (614)
[2018.10.16-19.51.46:881][ 71]LogModuleManager: Shutting down and abandoning module BlueprintGraph (612)
[2018.10.16-19.51.46:881][ 71]LogModuleManager: Shutting down and abandoning module HierarchicalLODOutliner (610)
[2018.10.16-19.51.46:881][ 71]LogModuleManager: Shutting down and abandoning module SceneOutliner (608)
[2018.10.16-19.51.46:881][ 71]LogModuleManager: Shutting down and abandoning module AddContentDialog (606)
[2018.10.16-19.51.46:881][ 71]LogModuleManager: Shutting down and abandoning module WidgetCarousel (605)
[2018.10.16-19.51.46:881][ 71]LogModuleManager: Shutting down and abandoning module EditorWidgets (602)
[2018.10.16-19.51.46:881][ 71]LogModuleManager: Shutting down and abandoning module CollectionManager (600)
[2018.10.16-19.51.46:881][ 71]LogModuleManager: Shutting down and abandoning module StatsViewer (598)
[2018.10.16-19.51.46:881][ 71]LogModuleManager: Shutting down and abandoning module FoliageEdit (596)
[2018.10.16-19.51.46:881][ 71]LogModuleManager: Shutting down and abandoning module LandscapeEditor (594)
[2018.10.16-19.51.46:881][ 71]LogModuleManager: Shutting down and abandoning module MeshPaintMode (592)
[2018.10.16-19.51.46:881][ 71]LogModuleManager: Shutting down and abandoning module SceneDepthPickerMode (590)
[2018.10.16-19.51.46:881][ 71]LogModuleManager: Shutting down and abandoning module ActorPickerMode (588)
[2018.10.16-19.51.46:881][ 71]LogModuleManager: Shutting down and abandoning module GeometryMode (586)
[2018.10.16-19.51.46:882][ 71]LogModuleManager: Shutting down and abandoning module TextureAlignMode (584)
[2018.10.16-19.51.46:882][ 71]LogModuleManager: Shutting down and abandoning module BspMode (582)
[2018.10.16-19.51.46:882][ 71]LogModuleManager: Shutting down and abandoning module PIEPreviewDeviceProfileSelector (580)
[2018.10.16-19.51.46:882][ 71]LogModuleManager: Shutting down and abandoning module SequenceRecorderSections (578)
[2018.10.16-19.51.46:882][ 71]LogModuleManager: Shutting down and abandoning module AutomationWorker (576)
[2018.10.16-19.51.46:882][ 71]LogModuleManager: Shutting down and abandoning module AudioCaptureEditor (574)
[2018.10.16-19.51.46:882][ 71]LogModuleManager: Shutting down and abandoning module SequenceRecorder (573)
[2018.10.16-19.51.46:882][ 71]LogModuleManager: Shutting down and abandoning module MatineeToLevelSequence (570)
[2018.10.16-19.51.46:882][ 71]LogModuleManager: Shutting down and abandoning module LevelSequenceEditor (568)
[2018.10.16-19.51.46:882][ 71]LogModuleManager: Shutting down and abandoning module PlacementMode (567)
[2018.10.16-19.51.46:882][ 71]LogModuleManager: Shutting down and abandoning module MaterialEditor (566)
[2018.10.16-19.51.46:882][ 71]LogModuleManager: Shutting down and abandoning module WmfMediaFactory (562)
[2018.10.16-19.51.46:882][ 71]LogModuleManager: Shutting down and abandoning module WmfMediaEditor (560)
[2018.10.16-19.51.46:882][ 71]LogModuleManager: Shutting down and abandoning module MediaPlayerEditor (558)
[2018.10.16-19.51.46:882][ 71]LogModuleManager: Shutting down and abandoning module OpenExrWrapper (556)
[2018.10.16-19.51.46:882][ 71]LogModuleManager: Shutting down and abandoning module ImgMediaFactory (554)
[2018.10.16-19.51.46:882][ 71]LogModuleManager: Shutting down and abandoning module ImgMediaEditor (552)
[2018.10.16-19.51.46:882][ 71]LogModuleManager: Shutting down and abandoning module AvfMediaFactory (550)
[2018.10.16-19.51.46:882][ 71]LogModuleManager: Shutting down and abandoning module AvfMediaEditor (548)
[2018.10.16-19.51.46:882][ 71]LogModuleManager: Shutting down and abandoning module AndroidMediaFactory (546)
[2018.10.16-19.51.46:882][ 71]LogModuleManager: Shutting down and abandoning module AndroidMediaEditor (544)
[2018.10.16-19.51.46:882][ 71]LogModuleManager: Shutting down and abandoning module MagicLeapCameraPreviewFactory (542)
[2018.10.16-19.51.46:882][ 71]LogModuleManager: Shutting down and abandoning module MagicLeapMediaFactory (540)
[2018.10.16-19.51.46:882][ 71]LogModuleManager: Shutting down and abandoning module MagicLeapMediaEditor (538)
[2018.10.16-19.51.46:882][ 71]LogModuleManager: Shutting down and abandoning module CharacterAI (536)
[2018.10.16-19.51.46:882][ 71]LogModuleManager: Shutting down and abandoning module SmartSnapping (534)
[2018.10.16-19.51.46:882][ 71]LogModuleManager: Shutting down and abandoning module SessionServices (532)
[2018.10.16-19.51.46:882][ 71]LogModuleManager: Shutting down and abandoning module ViewportSnapping (530)
[2018.10.16-19.51.46:882][ 71]LogModuleManager: Shutting down and abandoning module ViewportInteraction (528)
[2018.10.16-19.51.46:882][ 71]LogModuleManager: Shutting down and abandoning module ClothPainter (526)
[2018.10.16-19.51.46:882][ 71]LogModuleManager: Shutting down and abandoning module SkeletalMeshEditor (525)
[2018.10.16-19.51.46:882][ 71]LogModuleManager: Shutting down and abandoning module LogVisualizer (522)
[2018.10.16-19.51.46:882][ 71]LogModuleManager: Shutting down and abandoning module IntroTutorials (520)
[2018.10.16-19.51.46:882][ 71]LogModuleManager: Shutting down and abandoning module GameProjectGeneration (519)
[2018.10.16-19.51.46:882][ 71]LogModuleManager: Shutting down and abandoning module LuminPlatformEditor (516)
[2018.10.16-19.51.46:882][ 71]LogModuleManager: Shutting down and abandoning module IOSPlatformEditor (514)
[2018.10.16-19.51.46:882][ 71]LogModuleManager: Shutting down and abandoning module HTML5PlatformEditor (512)
[2018.10.16-19.51.46:882][ 71]LogModuleManager: Shutting down and abandoning module AndroidPlatformEditor (510)
[2018.10.16-19.51.46:882][ 71]LogModuleManager: Shutting down and abandoning module AndroidDeviceDetection (509)
[2018.10.16-19.51.47:356][ 71]LogModuleManager: Shutting down and abandoning module WindowsPlatformEditor (506)
[2018.10.16-19.51.47:356][ 71]LogModuleManager: Shutting down and abandoning module LuminRuntimeSettings (504)
[2018.10.16-19.51.47:356][ 71]LogModuleManager: Shutting down and abandoning module IOSRuntimeSettings (502)
[2018.10.16-19.51.47:356][ 71]LogModuleManager: Shutting down and abandoning module AndroidRuntimeSettings (500)
[2018.10.16-19.51.47:357][ 71]LogModuleManager: Shutting down and abandoning module InputBindingEditor (498)
[2018.10.16-19.51.47:357][ 71]LogModuleManager: Shutting down and abandoning module MergeActors (496)
[2018.10.16-19.51.47:357][ 71]LogModuleManager: Shutting down and abandoning module LocalizationDashboard (494)
[2018.10.16-19.51.47:357][ 71]LogModuleManager: Shutting down and abandoning module LocalizationService (493)
[2018.10.16-19.51.47:357][ 71]LogModuleManager: Shutting down and abandoning module HardwareTargeting (490)
[2018.10.16-19.51.47:357][ 71]LogModuleManager: Shutting down and abandoning module DeviceProfileEditor (488)
[2018.10.16-19.51.47:357][ 71]LogModuleManager: Shutting down and abandoning module UndoHistory (486)
[2018.10.16-19.51.47:357][ 71]LogModuleManager: Shutting down and abandoning module XmlParser (484)
[2018.10.16-19.51.47:357][ 71]LogModuleManager: Shutting down and abandoning module Blutility (482)
[2018.10.16-19.51.47:357][ 71]LogModuleManager: Shutting down and abandoning module ProjectSettingsViewer (480)
[2018.10.16-19.51.47:357][ 71]LogModuleManager: Shutting down and abandoning module ProjectTargetPlatformEditor (479)
[2018.10.16-19.51.47:357][ 71]LogModuleManager: Shutting down and abandoning module EditorSettingsViewer (476)
[2018.10.16-19.51.47:358][ 71]LogModuleManager: Shutting down and abandoning module SettingsEditor (474)
[2018.10.16-19.51.47:358][ 71]LogModuleManager: Shutting down and abandoning module ProjectLauncher (472)
[2018.10.16-19.51.47:358][ 71]LogModuleManager: Shutting down and abandoning module SessionFrontend (470)
[2018.10.16-19.51.47:358][ 71]LogModuleManager: Shutting down and abandoning module ProfilerClient (468)
[2018.10.16-19.51.47:358][ 71]LogModuleManager: Shutting down and abandoning module DeviceManager (466)
[2018.10.16-19.51.47:358][ 71]LogModuleManager: Shutting down and abandoning module TargetDeviceServices (465)
[2018.10.16-19.51.47:424][ 71]LogModuleManager: Shutting down and abandoning module AutomationController (462)
[2018.10.16-19.51.47:424][ 71]LogModuleManager: Shutting down and abandoning module AutomationWindow (460)
[2018.10.16-19.51.47:424][ 71]LogModuleManager: Shutting down and abandoning module Layers (458)
[2018.10.16-19.51.47:424][ 71]LogModuleManager: Shutting down and abandoning module ComponentVisualizers (456)
[2018.10.16-19.51.47:424][ 71]LogModuleManager: Shutting down and abandoning module DetailCustomizations (454)
[2018.10.16-19.51.47:424][ 71]LogModuleManager: Shutting down and abandoning module PackagesDialog (452)
[2018.10.16-19.51.47:424][ 71]LogModuleManager: Shutting down and abandoning module Persona (450)
[2018.10.16-19.51.47:424][ 71]LogModuleManager: Shutting down and abandoning module AdvancedPreviewScene (449)
[2018.10.16-19.51.47:424][ 71]LogModuleManager: Shutting down and abandoning module AnimGraph (447)
[2018.10.16-19.51.47:424][ 71]LogModuleManager: Shutting down and abandoning module Kismet (444)
[2018.10.16-19.51.47:428][ 71]LogModuleManager: Shutting down and abandoning module GraphEditor (442)
[2018.10.16-19.51.47:429][ 71]LogModuleManager: Shutting down and abandoning module ClassViewer (440)
[2018.10.16-19.51.47:430][ 71]LogModuleManager: Shutting down and abandoning module Toolbox (438)
[2018.10.16-19.51.47:430][ 71]LogModuleManager: Shutting down and abandoning module ModuleUI (436)
[2018.10.16-19.51.47:430][ 71]LogModuleManager: Shutting down and abandoning module MovieSceneTools (434)
[2018.10.16-19.51.47:430][ 71]LogModuleManager: Shutting down and abandoning module OutputLog (432)
[2018.10.16-19.51.47:430][ 71]LogModuleManager: Shutting down and abandoning module GammaUI (430)
[2018.10.16-19.51.47:430][ 71]LogModuleManager: Shutting down and abandoning module Documentation (428)
[2018.10.16-19.51.47:430][ 71]LogModuleManager: Shutting down and abandoning module MovieSceneTracks (426)
[2018.10.16-19.51.47:430][ 71]LogModuleManager: Shutting down and abandoning module MovieScene (424)
[2018.10.16-19.51.47:430][ 71]LogModuleManager: Shutting down and abandoning module StreamingPauseRendering (422)
[2018.10.16-19.51.47:430][ 71]LogModuleManager: Shutting down and abandoning module LauncherPlatform (420)
[2018.10.16-19.51.47:430][ 71]LogModuleManager: Shutting down and abandoning module AnalyticsET (418)
[2018.10.16-19.51.47:430][ 71]LogModuleManager: Shutting down and abandoning module PortalServices (416)
[2018.10.16-19.51.47:430][ 71]LogModuleManager: Shutting down and abandoning module PortalRpc (414)
[2018.10.16-19.51.47:430][ 71]LogModuleManager: Shutting down and abandoning module MessagingRpc (412)
[2018.10.16-19.51.47:430][ 71]LogModuleManager: Shutting down and abandoning module AIModule (410)
[2018.10.16-19.51.47:431][ 71]LogModuleManager: Shutting down and abandoning module GameplayDebugger (409)
[2018.10.16-19.51.47:431][ 71]LogModuleManager: Shutting down and abandoning module AITestSuite (407)
[2018.10.16-19.51.47:431][ 71]LogModuleManager: Shutting down and abandoning module NavigationSystem (405)
[2018.10.16-19.51.47:431][ 71]LogModuleManager: Shutting down and abandoning module DesktopPlatform (402)
[2018.10.16-19.51.47:431][ 71]LogModuleManager: Shutting down and abandoning module ProfilerService (400)
[2018.10.16-19.51.47:535][ 71]LogModuleManager: Shutting down and abandoning module TaskGraph (398)
[2018.10.16-19.51.47:535][ 71]LogModuleManager: Shutting down and abandoning module SteamVRController (396)
[2018.10.16-19.51.47:535][ 71]LogModuleManager: Shutting down and abandoning module ProceduralMeshComponentEditor (394)
[2018.10.16-19.51.47:535][ 71]LogModuleManager: Shutting down and abandoning module ProceduralMeshComponent (392)
[2018.10.16-19.51.47:535][ 71]LogModuleManager: Shutting down and abandoning module OculusInput (390)
[2018.10.16-19.51.47:535][ 71]LogModuleManager: Shutting down and abandoning module MobilePatchingUtils (388)
[2018.10.16-19.51.47:535][ 71]LogModuleManager: Shutting down and abandoning module EditableMesh (386)
[2018.10.16-19.51.47:535][ 71]LogModuleManager: Shutting down and abandoning module CustomMeshComponent (384)
[2018.10.16-19.51.47:535][ 71]LogModuleManager: Shutting down and abandoning module CableComponent (382)
[2018.10.16-19.51.47:535][ 71]LogModuleManager: Shutting down and abandoning module AudioCapture (380)
[2018.10.16-19.51.47:535][ 71]LogModuleManager: Shutting down and abandoning module ArchVisCharacter (378)
[2018.10.16-19.51.47:535][ 71]LogModuleManager: Shutting down and abandoning module AndroidPermission (376)
[2018.10.16-19.51.47:535][ 71]LogModuleManager: Shutting down and abandoning module NUTUnrealEngine4 (374)
[2018.10.16-19.51.47:535][ 71]LogModuleManager: Shutting down and abandoning module NetcodeUnitTest (372)
[2018.10.16-19.51.47:535][ 71]LogModuleManager: Shutting down and abandoning module MediaCompositingEditor (370)
[2018.10.16-19.51.47:535][ 71]LogModuleManager: Shutting down and abandoning module MediaCompositing (368)
[2018.10.16-19.51.47:535][ 71]LogModuleManager: Shutting down and abandoning module LinearTimecode (366)
[2018.10.16-19.51.47:535][ 71]LogModuleManager: Shutting down and abandoning module ImgMedia (364)
[2018.10.16-19.51.47:541][ 71]LogModuleManager: Shutting down and abandoning module HTML5Networking (362)
[2018.10.16-19.51.47:541][ 71]LogModuleManager: Shutting down and abandoning module GeometryCacheTracks (360)
[2018.10.16-19.51.47:541][ 71]LogModuleManager: Shutting down and abandoning module GeometryCacheSequencer (358)
[2018.10.16-19.51.47:541][ 71]LogModuleManager: Shutting down and abandoning module BackChannel (356)
[2018.10.16-19.51.47:541][ 71]LogModuleManager: Shutting down and abandoning module AppleVision (354)
[2018.10.16-19.51.47:541][ 71]LogModuleManager: Shutting down and abandoning module AppleImageUtils (352)
[2018.10.16-19.51.47:541][ 71]LogModuleManager: Shutting down and abandoning module AlembicImporter (350)
[2018.10.16-19.51.47:541][ 71]LogModuleManager: Shutting down and abandoning module AlembicLibrary (349)
[2018.10.16-19.51.47:541][ 71]LogModuleManager: Shutting down and abandoning module GeometryCache (348)
[2018.10.16-19.51.47:541][ 71]LogModuleManager: Shutting down and abandoning module GeometryCacheEd (347)
[2018.10.16-19.51.47:541][ 71]LogModuleManager: Shutting down and abandoning module DatasmithContentEditor (342)
[2018.10.16-19.51.47:541][ 71]LogModuleManager: Shutting down and abandoning module DatasmithContent (340)
[2018.10.16-19.51.47:542][ 71]LogModuleManager: Shutting down and abandoning module SpeedTreeImporter (338)
[2018.10.16-19.51.47:542][ 71]LogModuleManager: Shutting down and abandoning module PluginBrowser (336)
[2018.10.16-19.51.47:542][ 71]LogModuleManager: Shutting down and abandoning module MobileLauncherProfileWizard (334)
[2018.10.16-19.51.47:542][ 71]LogModuleManager: Shutting down and abandoning module PolygonModeling (332)
[2018.10.16-19.51.47:543][ 71]LogModuleManager: Shutting down and abandoning module MeshEditor (330)
[2018.10.16-19.51.47:543][ 71]LogModuleManager: Shutting down and abandoning module CryptoKeysOpenSSL (328)
[2018.10.16-19.51.47:543][ 71]LogModuleManager: Shutting down and abandoning module CryptoKeys (326)
[2018.10.16-19.51.47:543][ 71]LogModuleManager: Shutting down and abandoning module VisualStudioSourceCodeAccess (324)
[2018.10.16-19.51.47:543][ 71]LogModuleManager: Shutting down and abandoning module VisualStudioCodeSourceCodeAccess (322)
[2018.10.16-19.51.47:543][ 71]LogModuleManager: Shutting down and abandoning module UObjectPlugin (320)
[2018.10.16-19.51.47:543][ 71]LogModuleManager: Shutting down and abandoning module SubversionSourceControl (318)
[2018.10.16-19.51.47:543][ 71]LogModuleManager: Shutting down and abandoning module PerforceSourceControl (316)
[2018.10.16-19.51.47:543][ 71]LogModuleManager: Shutting down and abandoning module GitSourceControl (314)
[2018.10.16-19.51.47:543][ 71]LogModuleManager: Shutting down and abandoning module SourceControl (313)
[2018.10.16-19.51.47:543][ 71]LogModuleManager: Shutting down and abandoning module CLionSourceCodeAccess (310)
[2018.10.16-19.51.47:543][ 71]LogModuleManager: Shutting down and abandoning module LightPropagationVolumeEditor (308)
[2018.10.16-19.51.47:543][ 71]LogModuleManager: Shutting down and abandoning module PaperTiledImporter (306)
[2018.10.16-19.51.47:543][ 71]LogModuleManager: Shutting down and abandoning module PaperSpriteSheetImporter (304)
[2018.10.16-19.51.47:543][ 71]LogModuleManager: Shutting down and abandoning module Paper2DEditor (302)
[2018.10.16-19.51.47:543][ 71]LogModuleManager: Shutting down and abandoning module MeshPaint (301)
[2018.10.16-19.51.47:543][ 71]LogModuleManager: Shutting down and abandoning module RuntimePhysXCooking (298)
[2018.10.16-19.51.47:543][ 71]LogModuleManager: Shutting down and abandoning module PhysXVehiclesEditor (296)
[2018.10.16-19.51.47:544][ 71]LogModuleManager: Shutting down and abandoning module PhysXVehicles (294)
[2018.10.16-19.51.47:544][ 71]LogModuleManager: Shutting down and abandoning module OculusEditor (292)
[2018.10.16-19.51.47:544][ 71]LogModuleManager: Shutting down and abandoning module LocationServicesBPLibrary (290)
[2018.10.16-19.51.47:544][ 71]LogModuleManager: Shutting down and abandoning module ImmediatePhysicsEditor (288)
[2018.10.16-19.51.47:544][ 71]LogModuleManager: Shutting down and abandoning module ImmediatePhysics (286)
[2018.10.16-19.51.47:544][ 71]LogModuleManager: Shutting down and abandoning module ActorSequence (284)
[2018.10.16-19.51.47:544][ 71]LogModuleManager: Shutting down and abandoning module UdpMessaging (282)
[2018.10.16-19.51.47:645][ 71]LogModuleManager: Shutting down and abandoning module TcpMessaging (280)
[2018.10.16-19.51.47:746][ 71]LogModuleManager: Shutting down and abandoning module MagicLeapAudio (278)
[2018.10.16-19.51.47:746][ 71]LogModuleManager: Shutting down and abandoning module GameplayTagsEditor (276)
[2018.10.16-19.51.47:746][ 71]LogModuleManager: Shutting down and abandoning module FacialAnimationEditor (274)
[2018.10.16-19.51.47:746][ 71]LogModuleManager: Shutting down and abandoning module FacialAnimation (272)
[2018.10.16-19.51.47:746][ 71]LogModuleManager: Shutting down and abandoning module DataValidation (270)
[2018.10.16-19.51.47:746][ 71]LogModuleManager: Shutting down and abandoning module AssetManagerEditor (268)
[2018.10.16-19.51.47:746][ 71]LogModuleManager: Shutting down and abandoning module LevelEditor (267)
[2018.10.16-19.51.47:748][ 71]LogModuleManager: Shutting down and abandoning module PixelInspectorModule (266)
[2018.10.16-19.51.47:749][ 71]LogModuleManager: Shutting down and abandoning module CommonMenuExtensions (264)
[2018.10.16-19.51.47:749][ 71]LogModuleManager: Shutting down and abandoning module MainFrame (262)
[2018.10.16-19.51.47:750][ 71]LogModuleManager: Shutting down and abandoning module HotReload (261)
[2018.10.16-19.51.47:750][ 71]LogModuleManager: Shutting down and abandoning module ContentBrowser (257)
[2018.10.16-19.51.47:753][ 71]LogModuleManager: Shutting down and abandoning module TreeMap (255)
[2018.10.16-19.51.47:754][ 71]LogModuleManager: Shutting down and abandoning module LightPropagationVolumeRuntime (252)
[2018.10.16-19.51.47:754][ 71]LogModuleManager: Shutting down and abandoning module AISupportModule (250)
[2018.10.16-19.51.47:754][ 71]LogModuleManager: Shutting down and abandoning module Paper2D (248)
[2018.10.16-19.51.47:754][ 71]LogModuleManager: Shutting down and abandoning module WindowsMoviePlayer (246)
[2018.10.16-19.51.47:754][ 71]LogModuleManager: Shutting down and abandoning module WmfMedia (244)
[2018.10.16-19.51.47:758][ 71]LogModuleManager: Shutting down and abandoning module Media (243)
[2018.10.16-19.51.47:765][ 71]LogModuleManager: Shutting down and abandoning module PacketHandler (240)
[2018.10.16-19.51.47:765][ 71]LogModuleManager: Shutting down and abandoning module ClothingSystemEditor (238)
[2018.10.16-19.51.47:765][ 71]LogModuleManager: Shutting down and abandoning module ClothingSystemRuntime (236)
[2018.10.16-19.51.47:765][ 71]LogModuleManager: Shutting down and abandoning module MediaAssets (234)
[2018.10.16-19.51.47:765][ 71]LogModuleManager: Shutting down and abandoning module Overlay (232)
[2018.10.16-19.51.47:765][ 71]LogModuleManager: Shutting down and abandoning module OverlayEditor (231)
[2018.10.16-19.51.47:765][ 71]LogModuleManager: Shutting down and abandoning module VREditor (228)
[2018.10.16-19.51.47:766][ 71]LogModuleManager: Shutting down and abandoning module StringTableEditor (226)
[2018.10.16-19.51.47:766][ 71]LogModuleManager: Shutting down and abandoning module GameplayTasksEditor (224)
[2018.10.16-19.51.47:766][ 71]LogModuleManager: Shutting down and abandoning module BehaviorTreeEditor (222)
[2018.10.16-19.51.47:766][ 71]LogModuleManager: Shutting down and abandoning module FunctionalTesting (220)
[2018.10.16-19.51.47:766][ 71]LogModuleManager: Shutting down and abandoning module CollisionAnalyzer (218)
[2018.10.16-19.51.47:766][ 71]LogModuleManager: Shutting down and abandoning module WorkspaceMenuStructure (217)
[2018.10.16-19.51.47:766][ 71]LogModuleManager: Shutting down and abandoning module UMG (214)
[2018.10.16-19.51.47:766][ 71]LogModuleManager: Shutting down and abandoning module UMGEditor (213)
[2018.10.16-19.51.47:766][ 71]LogModuleManager: Shutting down and abandoning module Sequencer (212)
[2018.10.16-19.51.47:767][ 71]LogModuleManager: Shutting down and abandoning module MessageLog (209)
[2018.10.16-19.51.47:767][ 71]LogModuleManager: Shutting down and abandoning module SlateReflector (204)
[2018.10.16-19.51.47:767][ 71]LogModuleManager: Shutting down and abandoning module Slate (202)
[2018.10.16-19.51.47:767][ 71]LogModuleManager: Shutting down and abandoning module EditorStyle (200)
[2018.10.16-19.51.47:773][ 71]LogModuleManager: Shutting down and abandoning module MRMesh (198)
[2018.10.16-19.51.47:773][ 71]LogModuleManager: Shutting down and abandoning module SourceCodeAccess (196)
[2018.10.16-19.51.47:773][ 71]LogModuleManager: Shutting down and abandoning module HeadMountedDisplay (194)
[2018.10.16-19.51.47:773][ 71]LogModuleManager: Shutting down and abandoning module XAudio2 (192)
[2018.10.16-19.51.47:773][ 71]LogModuleManager: Shutting down and abandoning module Networking (190)
[2018.10.16-19.51.47:773][ 71]LogModuleManager: Shutting down and abandoning module Core (188)
[2018.10.16-19.51.47:773][ 71]LogModuleManager: Shutting down and abandoning module LevelSequence (186)
[2018.10.16-19.51.47:773][ 71]LogModuleManager: Shutting down and abandoning module KismetCompiler (184)
[2018.10.16-19.51.47:774][ 71]LogModuleManager: Shutting down and abandoning module MeshUtilities (182)
[2018.10.16-19.51.47:774][ 71]LogModuleManager: Shutting down and abandoning module MeshMergeUtilities (181)
[2018.10.16-19.51.47:774][ 71]LogModuleManager: Shutting down and abandoning module MeshReductionInterface (180)
[2018.10.16-19.51.47:774][ 71]LogModuleManager: Shutting down and abandoning module SimplygonSwarm (179)
[2018.10.16-19.51.47:774][ 71]LogModuleManager: Shutting down and abandoning module ProxyLODMeshReduction (177)
[2018.10.16-19.51.47:774][ 71]LogModuleManager: Shutting down and abandoning module SimplygonMeshReduction (175)
[2018.10.16-19.51.47:774][ 71]LogModuleManager: Shutting down and abandoning module QuadricMeshReduction (173)
[2018.10.16-19.51.47:774][ 71]LogModuleManager: Shutting down and abandoning module MaterialBaking (169)
[2018.10.16-19.51.47:774][ 71]LogModuleManager: Shutting down and abandoning module DirectoryWatcher (165)
[2018.10.16-19.51.47:774][ 71]LogModuleManager: Shutting down and abandoning module DerivedDataCache (162)
[2018.10.16-19.51.47:848][ 71]LogDerivedDataCache: Shutdown
[2018.10.16-19.51.47:848][ 71]LogModuleManager: Shutting down and abandoning module XGEController (160)
[2018.10.16-19.51.47:848][ 71]LogXGEController: Cleaning working directory: C:/Users/Hegemon/AppData/Local/Temp/UnrealXGEWorkingDir/
[2018.10.16-19.51.47:848][ 71]LogModuleManager: Shutting down and abandoning module TargetPlatform (158)
[2018.10.16-19.51.47:848][ 71]LogModuleManager: Shutting down and abandoning module VulkanShaderFormat (157)
[2018.10.16-19.51.47:848][ 71]LogModuleManager: Shutting down and abandoning module ShaderFormatVectorVM (155)
[2018.10.16-19.51.47:848][ 71]LogModuleManager: Shutting down and abandoning module ShaderFormatOpenGL (153)
[2018.10.16-19.51.47:848][ 71]LogModuleManager: Shutting down and abandoning module ShaderFormatD3D (151)
[2018.10.16-19.51.47:848][ 71]LogModuleManager: Shutting down and abandoning module MetalShaderFormat (149)
[2018.10.16-19.51.47:848][ 71]LogModuleManager: Shutting down and abandoning module TextureFormatUncompressed (147)
[2018.10.16-19.51.47:848][ 71]LogModuleManager: Shutting down and abandoning module TextureFormatPVR (145)
[2018.10.16-19.51.47:848][ 71]LogModuleManager: Shutting down and abandoning module TextureFormatDXT (143)
[2018.10.16-19.51.47:849][ 71]LogModuleManager: Shutting down and abandoning module TextureFormatIntelISPCTexComp (141)
[2018.10.16-19.51.47:849][ 71]LogModuleManager: Shutting down and abandoning module TextureFormatASTC (139)
[2018.10.16-19.51.47:849][ 71]LogModuleManager: Shutting down and abandoning module ImageWrapper (138)
[2018.10.16-19.51.47:849][ 71]LogModuleManager: Shutting down and abandoning module TextureFormatAndroid (135)
[2018.10.16-19.51.47:849][ 71]LogModuleManager: Shutting down and abandoning module AudioFormatOpus (133)
[2018.10.16-19.51.47:849][ 71]LogModuleManager: Shutting down and abandoning module AudioFormatOgg (131)
[2018.10.16-19.51.47:849][ 71]LogModuleManager: Shutting down and abandoning module AudioFormatADPCM (129)
[2018.10.16-19.51.47:849][ 71]LogModuleManager: Shutting down and abandoning module LuminTargetPlatform (127)
[2018.10.16-19.51.47:849][ 71]LogModuleManager: Shutting down and abandoning module LinuxTargetPlatform (125)
[2018.10.16-19.51.47:849][ 71]LogModuleManager: Shutting down and abandoning module LinuxServerTargetPlatform (123)
[2018.10.16-19.51.47:849][ 71]LogModuleManager: Shutting down and abandoning module LinuxNoEditorTargetPlatform (121)
[2018.10.16-19.51.47:849][ 71]LogModuleManager: Shutting down and abandoning module LinuxClientTargetPlatform (119)
[2018.10.16-19.51.47:849][ 71]LogModuleManager: Shutting down and abandoning module TVOSTargetPlatform (117)
[2018.10.16-19.51.47:851][ 71]LogModuleManager: Shutting down and abandoning module Messaging (115)
[2018.10.16-19.51.47:851][ 71]LogModuleManager: Shutting down and abandoning module IOSTargetPlatform (113)
[2018.10.16-19.51.47:852][ 71]LogModuleManager: Shutting down and abandoning module HTML5TargetPlatform (111)
[2018.10.16-19.51.47:852][ 71]LogModuleManager: Shutting down and abandoning module AndroidTargetPlatform (109)
[2018.10.16-19.51.47:865][ 71]LogModuleManager: Shutting down and abandoning module WindowsTargetPlatform (107)
[2018.10.16-19.51.47:865][ 71]LogModuleManager: Shutting down and abandoning module WindowsServerTargetPlatform (105)
[2018.10.16-19.51.47:865][ 71]LogModuleManager: Shutting down and abandoning module WindowsNoEditorTargetPlatform (103)
[2018.10.16-19.51.47:865][ 71]LogModuleManager: Shutting down and abandoning module WindowsClientTargetPlatform (101)
[2018.10.16-19.51.47:865][ 71]LogModuleManager: Shutting down and abandoning module MacTargetPlatform (99)
[2018.10.16-19.51.47:865][ 71]LogModuleManager: Shutting down and abandoning module MacServerTargetPlatform (97)
[2018.10.16-19.51.47:865][ 71]LogModuleManager: Shutting down and abandoning module MacNoEditorTargetPlatform (95)
[2018.10.16-19.51.47:865][ 71]LogModuleManager: Shutting down and abandoning module MacClientTargetPlatform (93)
[2018.10.16-19.51.47:865][ 71]LogModuleManager: Shutting down and abandoning module AllDesktopTargetPlatform (91)
[2018.10.16-19.51.47:865][ 71]LogModuleManager: Shutting down and abandoning module InputCore (88)
[2018.10.16-19.51.47:865][ 71]LogModuleManager: Shutting down and abandoning module Settings (86)
[2018.10.16-19.51.47:865][ 71]LogModuleManager: Shutting down and abandoning module PhysXCooking (84)
[2018.10.16-19.51.47:865][ 71]LogModuleManager: Shutting down and abandoning module SteamVR (82)
[2018.10.16-19.51.47:865][ 71]LogModuleManager: Shutting down and abandoning module OculusHMD (80)
[2018.10.16-19.51.47:865][ 71]LogModuleManager: Shutting down and abandoning module ExampleDeviceProfileSelector (78)
[2018.10.16-19.51.47:866][ 71]LogModuleManager: Shutting down and abandoning module LauncherChunkInstaller (76)
[2018.10.16-19.51.47:866][ 71]LogModuleManager: Shutting down and abandoning module OnlineBlueprintSupport (74)
[2018.10.16-19.51.47:866][ 71]LogModuleManager: Shutting down and abandoning module OnlineSubsystem (70)
[2018.10.16-19.51.47:867][ 71]LogModuleManager: Shutting down and abandoning module XMPP (65)
[2018.10.16-19.51.47:867][ 71]LogModuleManager: Shutting down and abandoning module WebSockets (64)
[2018.10.16-19.51.47:891][ 71]LogModuleManager: Shutting down and abandoning module HTTP (61)
[2018.10.16-19.51.47:891][ 71]LogHttp: Display: Http module shutting down, but needs to wait on 1 outstanding Http requests:
[2018.10.16-19.51.47:891][ 71]LogHttp: Display: 	verb=[POST] url=[https://datarouter.ol.epicgames.com/datarouter/api/v1/public/data?SessionID=%7BC5F22D99-42BE-AB4A-4400-7FB767CBBFBE%7D&AppID=UEEditor.Rocket.Release&AppVersion=4.20.3-4369336%2B%2B%2BUE4%2BRelease-4.20&UserID=8fa0f585498fbc8ad9d0628e641f6fcf%7C30034dc882ac4e9791ce69bb1ad7bfa7%7C45c0c1a5-3db5-4604-8de5-e8816e05010c&AppEnvironment=datacollector-binary&UploadType=eteventstream] status=Processing
[2018.10.16-19.51.47:894][ 71]LogModuleManager: Shutting down and abandoning module SSL (60)
[2018.10.16-19.51.47:896][ 71]LogModuleManager: Shutting down and abandoning module MagicLeapEmulator (56)
[2018.10.16-19.51.47:896][ 71]LogModuleManager: Shutting down and abandoning module MagicLeapPrivileges (54)
[2018.10.16-19.51.47:896][ 71]LogModuleManager: Shutting down and abandoning module MagicLeapIdentity (52)
[2018.10.16-19.51.47:896][ 71]LogModuleManager: Shutting down and abandoning module MagicLeapHelperVulkan (50)
[2018.10.16-19.51.47:896][ 71]LogModuleManager: Shutting down and abandoning module MagicLeapHelperOpenGL (48)
[2018.10.16-19.51.47:896][ 71]LogModuleManager: Shutting down and abandoning module MagicLeapSecureStorage (46)
[2018.10.16-19.51.47:896][ 71]LogModuleManager: Shutting down and abandoning module MagicLeapGestures (44)
[2018.10.16-19.51.47:896][ 71]LogModuleManager: Shutting down and abandoning module MagicLeapEyeTracker (42)
[2018.10.16-19.51.47:896][ 71]LogModuleManager: Shutting down and abandoning module MagicLeapController (40)
[2018.10.16-19.51.47:926][ 71]LogSlate: Slate User Destroyed.  User Index 0, Is Virtual User: 0
[2018.10.16-19.51.47:926][ 71]LogModuleManager: Shutting down and abandoning module MagicLeap (38)
[2018.10.16-19.51.47:926][ 71]LogModuleManager: Shutting down and abandoning module AnimationModifiers (36)
[2018.10.16-19.51.47:927][ 71]LogModuleManager: Shutting down and abandoning module PropertyEditor (35)
[2018.10.16-19.51.47:927][ 71]LogModuleManager: Shutting down and abandoning module AudioEditor (32)
[2018.10.16-19.51.47:927][ 71]LogModuleManager: Shutting down and abandoning module TextureCompressor (30)
[2018.10.16-19.51.47:927][ 71]LogModuleManager: Shutting down and abandoning module ShaderCore (28)
[2018.10.16-19.51.47:927][ 71]LogModuleManager: Shutting down and abandoning module Landscape (26)
[2018.10.16-19.51.47:927][ 71]LogModuleManager: Shutting down and abandoning module SlateRHIRenderer (24)
[2018.10.16-19.51.47:927][ 71]LogModuleManager: Shutting down and abandoning module OpenGLDrv (22)
[2018.10.16-19.51.47:928][ 71]LogModuleManager: Shutting down and abandoning module D3D11RHI (20)
[2018.10.16-19.51.47:928][ 71]LogModuleManager: Shutting down and abandoning module AnimGraphRuntime (18)
[2018.10.16-19.51.47:928][ 71]LogModuleManager: Shutting down and abandoning module Renderer (16)
[2018.10.16-19.51.47:928][ 71]LogModuleManager: Shutting down and abandoning module Engine (14)
[2018.10.16-19.51.47:928][ 71]LogModuleManager: Shutting down and abandoning module CoreUObject (12)
[2018.10.16-19.51.47:928][ 71]LogModuleManager: Shutting down and abandoning module NetworkFile (10)
[2018.10.16-19.51.47:928][ 71]LogModuleManager: Shutting down and abandoning module CookedIterativeFile (8)
[2018.10.16-19.51.47:928][ 71]LogModuleManager: Shutting down and abandoning module StreamingFile (6)
[2018.10.16-19.51.47:928][ 71]LogModuleManager: Shutting down and abandoning module SandboxFile (4)
[2018.10.16-19.51.47:928][ 71]LogModuleManager: Shutting down and abandoning module PakFile (2)
[2018.10.16-19.51.47:936][ 71]LogExit: Exiting.
[2018.10.16-19.51.47:956][ 71]Log file closed, 10/16/18 21:51:47
